[2024-12-02 19:11:18,467 : INFO : common : YAML file C:\Users\bored\Music\My_own\config\config.yaml is loaded safely]
[2024-12-02 19:11:18,469 : INFO : common : YAML file C:\Users\bored\Music\My_own\schema.yaml is loaded safely]
[2024-12-02 19:12:29,093 : INFO : common : YAML file C:\Users\bored\Music\My_own\config\config.yaml is loaded safely]
[2024-12-02 19:12:29,101 : INFO : common : YAML file C:\Users\bored\Music\My_own\schema.yaml is loaded safely]
[2024-12-02 19:12:46,913 : ERROR : common : Error while reading YAML: YAML file not found at C:\Users\bored\Music\config\config.yaml]
[2024-12-02 19:18:36,902 : INFO : common : YAML file C:\Users\bored\Music\My_own\config\config.yaml is loaded safely]
[2024-12-02 19:18:36,904 : ERROR : common : Error while reading YAML: YAML file not found at C:\Users\bored\Music\schema.yaml]
[2024-12-02 19:22:50,668 : INFO : common : YAML file C:\Users\bored\Music\My_own\config\config.yaml is loaded safely]
[2024-12-02 19:22:50,672 : ERROR : common : Error while reading YAML: YAML file not found at C:\Users\bored\Music\schema.yaml]
[2024-12-02 19:26:35,623 : INFO : common : YAML file C:\Users\bored\Music\My_own\config\config.yaml is loaded safely]
[2024-12-02 19:26:35,626 : ERROR : common : Error while reading YAML: YAML file not found at C:\Users\bored\Music\schema.yaml]
[2024-12-02 19:28:43,724 : INFO : common : YAML file C:\Users\bored\Music\My_own\config\config.yaml is loaded safely]
[2024-12-02 19:28:43,726 : ERROR : common : Error while reading YAML: YAML file not found at C:\Users\bored\Music\schema.yaml]
[2024-12-02 19:29:41,110 : INFO : common : YAML file C:\Users\bored\Music\My_own\config\config.yaml is loaded safely]
[2024-12-02 19:29:41,113 : ERROR : common : Error while reading YAML: YAML file not found at C:\Users\bored\schema.yaml]
[2024-12-02 19:44:38,352 : INFO : common : YAML file C:\Users\bored\Music\My_own\config\config.yaml is loaded safely]
[2024-12-02 19:44:38,357 : INFO : common : YAML file C:\Users\bored\Music\My_own\schema.yaml is loaded safely]
[2024-12-02 19:46:24,053 : INFO : common : YAML file C:\Users\bored\Music\My_own\config\config.yaml is loaded safely]
[2024-12-02 19:46:24,055 : INFO : common : YAML file C:\Users\bored\Music\My_own\schema.yaml is loaded safely]
[2024-12-02 19:47:21,317 : INFO : common : YAML file C:\Users\bored\Music\My_own\config\config.yaml is loaded safely]
[2024-12-02 19:47:21,322 : INFO : common : YAML file C:\Users\bored\Music\My_own\schema.yaml is loaded safely]
[2024-12-02 19:47:21,326 : INFO : common : YAML file C:\Users\bored\Music\My_own\params.yaml is loaded safely]
[2024-12-02 19:47:21,327 : INFO : common : Created directory artifacts]
[2024-12-02 19:48:41,268 : INFO : common : YAML file C:\Users\bored\Music\My_own\config\config.yaml is loaded safely]
[2024-12-02 19:48:41,280 : INFO : common : YAML file C:\Users\bored\Music\My_own\schema.yaml is loaded safely]
[2024-12-02 19:48:41,285 : INFO : common : YAML file C:\Users\bored\Music\My_own\params.yaml is loaded safely]
[2024-12-02 19:48:41,287 : INFO : common : Created directory artifacts]
[2024-12-02 19:48:41,288 : INFO : common : Created directory artifacts/data_ingestion]
[2024-12-02 19:50:48,072 : INFO : common : YAML file C:\Users\bored\Music\My_own\config\config.yaml is loaded safely]
[2024-12-02 19:50:48,076 : INFO : common : YAML file C:\Users\bored\Music\My_own\schema.yaml is loaded safely]
[2024-12-02 19:50:48,080 : INFO : common : YAML file C:\Users\bored\Music\My_own\params.yaml is loaded safely]
[2024-12-02 19:50:48,082 : INFO : common : Created directory artifacts]
[2024-12-02 19:50:48,084 : INFO : common : Created directory artifacts/data_ingestion]
[2024-12-02 19:51:00,294 : INFO : common : YAML file C:\Users\bored\Music\My_own\config\config.yaml is loaded safely]
[2024-12-02 19:51:00,298 : INFO : common : YAML file C:\Users\bored\Music\My_own\schema.yaml is loaded safely]
[2024-12-02 19:51:00,302 : INFO : common : YAML file C:\Users\bored\Music\My_own\params.yaml is loaded safely]
[2024-12-02 19:51:00,304 : INFO : common : Created directory artifacts]
[2024-12-02 19:51:00,305 : INFO : common : Created directory artifacts/data_ingestion]
[2024-12-02 19:52:31,328 : INFO : common : YAML file C:\Users\bored\Music\My_own\config\config.yaml is loaded safely]
[2024-12-02 19:52:31,332 : INFO : common : YAML file C:\Users\bored\Music\My_own\schema.yaml is loaded safely]
[2024-12-02 19:52:31,336 : INFO : common : YAML file C:\Users\bored\Music\My_own\params.yaml is loaded safely]
[2024-12-02 19:52:31,338 : INFO : common : Created directory artifacts]
[2024-12-02 19:52:31,339 : INFO : common : Created directory artifacts/data_ingestion]
[2024-12-02 19:54:16,685 : INFO : common : YAML file C:\Users\bored\Music\My_own\config\config.yaml is loaded safely]
[2024-12-02 19:54:16,688 : INFO : common : YAML file C:\Users\bored\Music\My_own\schema.yaml is loaded safely]
[2024-12-02 19:54:16,692 : INFO : common : YAML file C:\Users\bored\Music\My_own\params.yaml is loaded safely]
[2024-12-02 19:54:16,693 : INFO : common : Created directory artifacts]
[2024-12-02 19:54:16,694 : INFO : common : Created directory artifacts/data_ingestion]
[2024-12-02 19:57:26,407 : INFO : common : YAML file C:\Users\bored\Music\My_own\config\config.yaml is loaded safely]
[2024-12-02 19:57:26,410 : INFO : common : YAML file C:\Users\bored\Music\My_own\schema.yaml is loaded safely]
[2024-12-02 19:57:26,413 : INFO : common : YAML file C:\Users\bored\Music\My_own\params.yaml is loaded safely]
[2024-12-02 19:57:26,414 : INFO : common : Created directory artifacts]
[2024-12-02 19:57:26,415 : INFO : common : Created directory artifacts/data_ingestion]
[2024-12-02 19:57:27,707 : INFO : 2449837106 : artifacts/data_ingestion/data.zip downloaded! with following info
Connection: close
Content-Length: 65642
Cache-Control: max-age=300
Content-Security-Policy: default-src 'none'; style-src 'unsafe-inline'; sandbox
Content-Type: text/plain; charset=utf-8
ETag: "7a3b21963b623a3d9ec3c3d18549b285a9610e60ac27f90a49b1c0138b1ee0f0"
Strict-Transport-Security: max-age=31536000
X-Content-Type-Options: nosniff
X-Frame-Options: deny
X-XSS-Protection: 1; mode=block
X-GitHub-Request-Id: 477C:2A8FBE:456D6:50F3A:674DC3CE
Accept-Ranges: bytes
Date: Mon, 02 Dec 2024 14:27:27 GMT
Via: 1.1 varnish
X-Served-By: cache-maa10239-MAA
X-Cache: MISS
X-Cache-Hits: 0
X-Timer: S1733149647.072272,VS0,VE418
Vary: Authorization,Accept-Encoding,Origin
Access-Control-Allow-Origin: *
Cross-Origin-Resource-Policy: cross-origin
X-Fastly-Request-ID: dbc1d625c6473d0a06191159b6fd66c6dfa4fca2
Expires: Mon, 02 Dec 2024 14:32:27 GMT
Source-Age: 0

]
[2024-12-02 19:57:42,728 : INFO : common : YAML file C:\Users\bored\Music\My_own\config\config.yaml is loaded safely]
[2024-12-02 19:57:42,732 : INFO : common : YAML file C:\Users\bored\Music\My_own\schema.yaml is loaded safely]
[2024-12-02 19:57:42,736 : INFO : common : YAML file C:\Users\bored\Music\My_own\params.yaml is loaded safely]
[2024-12-02 19:57:42,739 : INFO : common : Created directory artifacts]
[2024-12-02 19:57:42,741 : INFO : common : Created directory artifacts/data_ingestion]
[2024-12-02 19:57:42,743 : INFO : 2449837106 : File already exists]
[2024-12-02 19:58:04,615 : INFO : common : YAML file C:\Users\bored\Music\My_own\config\config.yaml is loaded safely]
[2024-12-02 19:58:04,618 : INFO : common : YAML file C:\Users\bored\Music\My_own\schema.yaml is loaded safely]
[2024-12-02 19:58:04,621 : INFO : common : YAML file C:\Users\bored\Music\My_own\params.yaml is loaded safely]
[2024-12-02 19:58:04,622 : INFO : common : Created directory artifacts]
[2024-12-02 19:58:04,624 : INFO : common : Created directory artifacts/data_ingestion]
[2024-12-02 19:58:04,625 : INFO : 1545682299 : File already exists]
[2024-12-02 19:59:54,412 : INFO : common : YAML file C:\Users\bored\Music\My_own\config\config.yaml is loaded safely]
[2024-12-02 19:59:54,414 : INFO : common : YAML file C:\Users\bored\Music\My_own\schema.yaml is loaded safely]
[2024-12-02 19:59:54,418 : INFO : common : YAML file C:\Users\bored\Music\My_own\params.yaml is loaded safely]
[2024-12-02 19:59:54,420 : INFO : common : Created directory artifacts]
[2024-12-02 19:59:54,421 : INFO : common : Created directory artifacts/data_ingestion]
[2024-12-02 20:00:05,246 : INFO : 2449837106 : artifacts/data_ingestion/data downloaded! with following info
Connection: close
Content-Length: 65642
Cache-Control: max-age=300
Content-Security-Policy: default-src 'none'; style-src 'unsafe-inline'; sandbox
Content-Type: text/plain; charset=utf-8
ETag: "7a3b21963b623a3d9ec3c3d18549b285a9610e60ac27f90a49b1c0138b1ee0f0"
Strict-Transport-Security: max-age=31536000
X-Content-Type-Options: nosniff
X-Frame-Options: deny
X-XSS-Protection: 1; mode=block
X-GitHub-Request-Id: 477C:2A8FBE:456D6:50F3A:674DC3CE
Accept-Ranges: bytes
Date: Mon, 02 Dec 2024 14:30:02 GMT
Via: 1.1 varnish
X-Served-By: cache-maa10240-MAA
X-Cache: HIT
X-Cache-Hits: 0
X-Timer: S1733149803.687655,VS0,VE2
Vary: Authorization,Accept-Encoding,Origin
Access-Control-Allow-Origin: *
Cross-Origin-Resource-Policy: cross-origin
X-Fastly-Request-ID: 2b439397fe58fde3f4f400b9a65dc2599c8648ef
Expires: Mon, 02 Dec 2024 14:35:02 GMT
Source-Age: 155

]
[2024-12-02 20:50:49,770 : INFO : common : YAML file C:\Users\bored\Music\My_own\config\config.yaml is loaded safely]
[2024-12-02 20:50:49,776 : INFO : common : YAML file C:\Users\bored\Music\My_own\schema.yaml is loaded safely]
[2024-12-02 20:50:49,779 : INFO : common : YAML file C:\Users\bored\Music\My_own\params.yaml is loaded safely]
[2024-12-02 20:50:49,781 : INFO : common : Created directory artifacts]
[2024-12-02 20:50:49,782 : INFO : common : Created directory artifacts/data_ingestion]
[2024-12-02 20:50:51,484 : INFO : 2449837106 : artifacts/data_ingestion/data.csv downloaded! with following info
Connection: close
Content-Length: 65642
Cache-Control: max-age=300
Content-Security-Policy: default-src 'none'; style-src 'unsafe-inline'; sandbox
Content-Type: text/plain; charset=utf-8
ETag: "7a3b21963b623a3d9ec3c3d18549b285a9610e60ac27f90a49b1c0138b1ee0f0"
Strict-Transport-Security: max-age=31536000
X-Content-Type-Options: nosniff
X-Frame-Options: deny
X-XSS-Protection: 1; mode=block
X-GitHub-Request-Id: 477C:2A8FBE:456D6:50F3A:674DC3CE
Accept-Ranges: bytes
Date: Mon, 02 Dec 2024 15:20:51 GMT
Via: 1.1 varnish
X-Served-By: cache-maa10238-MAA
X-Cache: HIT
X-Cache-Hits: 0
X-Timer: S1733152851.415925,VS0,VE308
Vary: Authorization,Accept-Encoding,Origin
Access-Control-Allow-Origin: *
Cross-Origin-Resource-Policy: cross-origin
X-Fastly-Request-ID: 8651785934a5c855360ba92893c7b23e3fe02a15
Expires: Mon, 02 Dec 2024 15:25:51 GMT
Source-Age: 0

]
[2024-12-02 21:07:55,069 : INFO : common : YAML file C:\Users\bored\Music\My_own\config\config.yaml is loaded safely]
[2024-12-02 21:07:55,073 : INFO : common : YAML file C:\Users\bored\Music\My_own\schema.yaml is loaded safely]
[2024-12-02 21:07:55,078 : INFO : common : YAML file C:\Users\bored\Music\My_own\params.yaml is loaded safely]
[2024-12-02 21:07:55,083 : INFO : common : Created directory artifacts]
[2024-12-02 21:08:50,362 : INFO : common : YAML file C:\Users\bored\Music\My_own\config\config.yaml is loaded safely]
[2024-12-02 21:08:50,366 : INFO : common : YAML file C:\Users\bored\Music\My_own\schema.yaml is loaded safely]
[2024-12-02 21:08:50,370 : INFO : common : YAML file C:\Users\bored\Music\My_own\params.yaml is loaded safely]
[2024-12-02 21:08:50,373 : INFO : common : Created directory artifacts]
[2024-12-02 21:12:02,446 : INFO : common : YAML file C:\Users\bored\Music\My_own\config\config.yaml is loaded safely]
[2024-12-02 21:12:02,450 : INFO : common : YAML file C:\Users\bored\Music\My_own\schema.yaml is loaded safely]
[2024-12-02 21:12:02,453 : INFO : common : YAML file C:\Users\bored\Music\My_own\params.yaml is loaded safely]
[2024-12-02 21:12:02,455 : INFO : common : Created directory artifacts]
[2024-12-02 21:12:03,484 : INFO : common : Created directory artifacts/data_transform]
[2024-12-02 21:20:15,464 : INFO : common : YAML file C:\Users\bored\Music\My_own\config\config.yaml is loaded safely]
[2024-12-02 23:11:21,731 : INFO : common : YAML file C:\Users\bored\Music\My_own\config\config.yaml is loaded safely]
[2024-12-02 23:21:33,985 : INFO : common : YAML file C:\Users\bored\Music\My_own\config\config.yaml is loaded safely]
[2024-12-02 23:21:34,798 : INFO : common : File saved successfully at artifacts/data_transform/train.csv]
[2024-12-02 23:24:20,123 : INFO : common : YAML file C:\Users\bored\Music\My_own\config\config.yaml is loaded safely]
[2024-12-02 23:24:20,128 : INFO : common : YAML file C:\Users\bored\Music\My_own\schema.yaml is loaded safely]
[2024-12-02 23:24:20,131 : INFO : common : YAML file C:\Users\bored\Music\My_own\params.yaml is loaded safely]
[2024-12-02 23:24:20,133 : INFO : common : Created directory artifacts]
[2024-12-02 23:25:39,931 : INFO : common : YAML file C:\Users\bored\Music\My_own\config\config.yaml is loaded safely]
[2024-12-02 23:25:39,935 : INFO : common : YAML file C:\Users\bored\Music\My_own\schema.yaml is loaded safely]
[2024-12-02 23:25:39,939 : INFO : common : YAML file C:\Users\bored\Music\My_own\params.yaml is loaded safely]
[2024-12-02 23:25:39,941 : INFO : common : Created directory artifacts]
[2024-12-02 23:25:39,943 : INFO : common : Created directory artifacts/data_ingestion]
[2024-12-02 23:25:42,839 : INFO : 2449837106 : artifacts/data_ingestion/data.csv downloaded! with following info
Connection: close
Content-Length: 65642
Cache-Control: max-age=300
Content-Security-Policy: default-src 'none'; style-src 'unsafe-inline'; sandbox
Content-Type: text/plain; charset=utf-8
ETag: "7a3b21963b623a3d9ec3c3d18549b285a9610e60ac27f90a49b1c0138b1ee0f0"
Strict-Transport-Security: max-age=31536000
X-Content-Type-Options: nosniff
X-Frame-Options: deny
X-XSS-Protection: 1; mode=block
X-GitHub-Request-Id: CA46:2AD617:6F89D:851CE:674DF49C
Accept-Ranges: bytes
Date: Mon, 02 Dec 2024 17:55:43 GMT
Via: 1.1 varnish
X-Served-By: cache-maa10227-MAA
X-Cache: MISS
X-Cache-Hits: 0
X-Timer: S1733162143.829529,VS0,VE300
Vary: Authorization,Accept-Encoding,Origin
Access-Control-Allow-Origin: *
Cross-Origin-Resource-Policy: cross-origin
X-Fastly-Request-ID: 6b53cf46be8f9fe79469aff63c76f7ef7f75df36
Expires: Mon, 02 Dec 2024 18:00:43 GMT
Source-Age: 0

]
[2024-12-02 23:26:41,659 : INFO : common : File saved successfully at artifacts/data_transform/train.csv]
[2024-12-02 23:27:21,959 : INFO : common : File saved successfully at artifacts/data_transform/train.csv]
[2024-12-02 23:27:26,972 : INFO : common : File saved successfully at artifacts/data_transform/train.csv]
[2024-12-02 23:27:57,986 : INFO : common : YAML file C:\Users\bored\Music\My_own\config\config.yaml is loaded safely]
[2024-12-02 23:29:10,806 : INFO : common : File saved successfully at artifacts/data_transform/train.csv]
[2024-12-02 23:29:12,632 : INFO : common : File saved successfully at artifacts/data_transform/test.csv]
[2024-12-02 23:51:33,510 : INFO : common : YAML file C:\Users\bored\Music\My_own\config\config.yaml is loaded safely]
[2024-12-02 23:51:33,515 : INFO : common : YAML file C:\Users\bored\Music\My_own\schema.yaml is loaded safely]
[2024-12-02 23:51:33,521 : INFO : common : YAML file C:\Users\bored\Music\My_own\params.yaml is loaded safely]
[2024-12-02 23:51:33,524 : INFO : common : Created directory artifacts]
[2024-12-02 23:51:33,527 : INFO : common : Created directory artifacts/data_ingestion]
[2024-12-02 23:51:33,528 : INFO : 1387786406 : File already exists]
[2024-12-02 23:51:33,557 : INFO : common : YAML file C:\Users\bored\Music\My_own\config\config.yaml is loaded safely]
[2024-12-02 23:51:33,560 : INFO : common : YAML file C:\Users\bored\Music\My_own\schema.yaml is loaded safely]
[2024-12-02 23:51:33,565 : INFO : common : YAML file C:\Users\bored\Music\My_own\params.yaml is loaded safely]
[2024-12-02 23:51:33,567 : INFO : common : Created directory artifacts]
[2024-12-02 23:51:33,570 : INFO : common : Created directory artifacts/data_transform]
[2024-12-02 23:53:09,821 : INFO : common : YAML file C:\Users\bored\Music\My_own\config\config.yaml is loaded safely]
[2024-12-02 23:53:09,825 : INFO : common : YAML file C:\Users\bored\Music\My_own\schema.yaml is loaded safely]
[2024-12-02 23:53:09,829 : INFO : common : YAML file C:\Users\bored\Music\My_own\params.yaml is loaded safely]
[2024-12-02 23:53:09,832 : INFO : common : Created directory artifacts]
[2024-12-02 23:53:09,834 : INFO : common : Created directory artifacts/data_ingestion]
[2024-12-02 23:53:09,835 : INFO : 1387786406 : File already exists]
[2024-12-02 23:53:09,855 : INFO : common : YAML file C:\Users\bored\Music\My_own\config\config.yaml is loaded safely]
[2024-12-02 23:53:09,858 : INFO : common : YAML file C:\Users\bored\Music\My_own\schema.yaml is loaded safely]
[2024-12-02 23:53:09,861 : INFO : common : YAML file C:\Users\bored\Music\My_own\params.yaml is loaded safely]
[2024-12-02 23:53:09,865 : INFO : common : Created directory artifacts]
[2024-12-02 23:53:09,868 : INFO : common : Created directory artifacts/data_transform]
[2024-12-02 23:53:33,103 : INFO : common : YAML file C:\Users\bored\Music\My_own\config\config.yaml is loaded safely]
[2024-12-02 23:53:33,106 : INFO : common : YAML file C:\Users\bored\Music\My_own\schema.yaml is loaded safely]
[2024-12-02 23:53:33,111 : INFO : common : YAML file C:\Users\bored\Music\My_own\params.yaml is loaded safely]
[2024-12-02 23:53:33,113 : INFO : common : Created directory artifacts]
[2024-12-02 23:53:33,114 : INFO : common : Created directory artifacts/data_ingestion]
[2024-12-02 23:53:33,115 : INFO : 1387786406 : File already exists]
[2024-12-02 23:53:33,133 : INFO : common : YAML file C:\Users\bored\Music\My_own\config\config.yaml is loaded safely]
[2024-12-02 23:53:33,138 : INFO : common : YAML file C:\Users\bored\Music\My_own\schema.yaml is loaded safely]
[2024-12-02 23:53:33,150 : INFO : common : YAML file C:\Users\bored\Music\My_own\params.yaml is loaded safely]
[2024-12-02 23:53:33,152 : INFO : common : Created directory artifacts]
[2024-12-02 23:53:33,153 : INFO : common : Created directory artifacts/data_transform]
[2024-12-02 23:53:33,200 : INFO : common : File saved successfully at artifacts/data_transform/test.csv]
[2024-12-02 23:53:33,230 : INFO : common : File saved successfully at artifacts/data_transform/test.csv]
[2024-12-02 23:53:52,487 : INFO : common : YAML file C:\Users\bored\Music\My_own\config\config.yaml is loaded safely]
[2024-12-02 23:53:52,491 : INFO : common : YAML file C:\Users\bored\Music\My_own\schema.yaml is loaded safely]
[2024-12-02 23:53:52,496 : INFO : common : YAML file C:\Users\bored\Music\My_own\params.yaml is loaded safely]
[2024-12-02 23:53:52,498 : INFO : common : Created directory artifacts]
[2024-12-02 23:53:52,498 : INFO : common : Created directory artifacts/data_ingestion]
[2024-12-02 23:53:53,776 : INFO : 1387786406 : artifacts/data_ingestion/data.csv downloaded! with following info
Connection: close
Content-Length: 65642
Cache-Control: max-age=300
Content-Security-Policy: default-src 'none'; style-src 'unsafe-inline'; sandbox
Content-Type: text/plain; charset=utf-8
ETag: "7a3b21963b623a3d9ec3c3d18549b285a9610e60ac27f90a49b1c0138b1ee0f0"
Strict-Transport-Security: max-age=31536000
X-Content-Type-Options: nosniff
X-Frame-Options: deny
X-XSS-Protection: 1; mode=block
X-GitHub-Request-Id: CA46:2AD617:6F89D:851CE:674DF49C
Accept-Ranges: bytes
Date: Mon, 02 Dec 2024 18:23:54 GMT
Via: 1.1 varnish
X-Served-By: cache-maa10228-MAA
X-Cache: HIT
X-Cache-Hits: 0
X-Timer: S1733163834.728093,VS0,VE333
Vary: Authorization,Accept-Encoding,Origin
Access-Control-Allow-Origin: *
Cross-Origin-Resource-Policy: cross-origin
X-Fastly-Request-ID: 223b2c1be050721dbd58b3419eaecbf0cbea2e00
Expires: Mon, 02 Dec 2024 18:28:54 GMT
Source-Age: 0

]
[2024-12-02 23:53:53,799 : INFO : common : YAML file C:\Users\bored\Music\My_own\config\config.yaml is loaded safely]
[2024-12-02 23:53:53,803 : INFO : common : YAML file C:\Users\bored\Music\My_own\schema.yaml is loaded safely]
[2024-12-02 23:53:53,809 : INFO : common : YAML file C:\Users\bored\Music\My_own\params.yaml is loaded safely]
[2024-12-02 23:53:53,811 : INFO : common : Created directory artifacts]
[2024-12-02 23:53:53,812 : INFO : common : Created directory artifacts/data_transform]
[2024-12-02 23:53:53,835 : INFO : common : File saved successfully at artifacts/data_transform/test.csv]
[2024-12-02 23:53:53,841 : INFO : common : File saved successfully at artifacts/data_transform/test.csv]
[2024-12-02 23:54:21,015 : INFO : common : YAML file C:\Users\bored\Music\My_own\config\config.yaml is loaded safely]
[2024-12-02 23:54:21,020 : INFO : common : YAML file C:\Users\bored\Music\My_own\schema.yaml is loaded safely]
[2024-12-02 23:54:21,024 : INFO : common : YAML file C:\Users\bored\Music\My_own\params.yaml is loaded safely]
[2024-12-02 23:54:21,026 : INFO : common : Created directory artifacts]
[2024-12-02 23:54:21,029 : INFO : common : Created directory artifacts/data_ingestion]
[2024-12-02 23:54:21,030 : INFO : 1387786406 : File already exists]
[2024-12-02 23:54:21,066 : INFO : common : YAML file C:\Users\bored\Music\My_own\config\config.yaml is loaded safely]
[2024-12-02 23:54:21,073 : INFO : common : YAML file C:\Users\bored\Music\My_own\schema.yaml is loaded safely]
[2024-12-02 23:54:21,078 : INFO : common : YAML file C:\Users\bored\Music\My_own\params.yaml is loaded safely]
[2024-12-02 23:54:21,080 : INFO : common : Created directory artifacts]
[2024-12-02 23:54:21,082 : INFO : common : Created directory artifacts/data_transform]
[2024-12-02 23:54:21,100 : INFO : common : File saved successfully at artifacts/data_transform/train.csv]
[2024-12-02 23:54:21,104 : INFO : common : File saved successfully at artifacts/data_transform/test.csv]
[2024-12-02 23:56:00,946 : INFO : common : YAML file C:\Users\bored\Music\My_own\config\config.yaml is loaded safely]
[2024-12-02 23:56:00,953 : INFO : common : YAML file C:\Users\bored\Music\My_own\schema.yaml is loaded safely]
[2024-12-02 23:56:00,956 : INFO : common : YAML file C:\Users\bored\Music\My_own\params.yaml is loaded safely]
[2024-12-02 23:56:00,958 : INFO : common : Created directory artifacts]
[2024-12-02 23:56:00,960 : INFO : common : Created directory artifacts/data_ingestion]
[2024-12-02 23:56:02,762 : INFO : 1387786406 : artifacts/data_ingestion/data.csv downloaded! with following info
Connection: close
Content-Length: 65642
Cache-Control: max-age=300
Content-Security-Policy: default-src 'none'; style-src 'unsafe-inline'; sandbox
Content-Type: text/plain; charset=utf-8
ETag: "7a3b21963b623a3d9ec3c3d18549b285a9610e60ac27f90a49b1c0138b1ee0f0"
Strict-Transport-Security: max-age=31536000
X-Content-Type-Options: nosniff
X-Frame-Options: deny
X-XSS-Protection: 1; mode=block
X-GitHub-Request-Id: CA46:2AD617:6F89D:851CE:674DF49C
Accept-Ranges: bytes
Date: Mon, 02 Dec 2024 18:26:02 GMT
Via: 1.1 varnish
X-Served-By: cache-maa10239-MAA
X-Cache: HIT
X-Cache-Hits: 0
X-Timer: S1733163963.817866,VS0,VE1
Vary: Authorization,Accept-Encoding,Origin
Access-Control-Allow-Origin: *
Cross-Origin-Resource-Policy: cross-origin
X-Fastly-Request-ID: 32a2ead1ba19c11d952873ce46486527e4817dbc
Expires: Mon, 02 Dec 2024 18:31:02 GMT
Source-Age: 129

]
[2024-12-02 23:56:02,786 : INFO : common : YAML file C:\Users\bored\Music\My_own\config\config.yaml is loaded safely]
[2024-12-02 23:56:02,790 : INFO : common : YAML file C:\Users\bored\Music\My_own\schema.yaml is loaded safely]
[2024-12-02 23:56:02,794 : INFO : common : YAML file C:\Users\bored\Music\My_own\params.yaml is loaded safely]
[2024-12-02 23:56:02,796 : INFO : common : Created directory artifacts]
[2024-12-02 23:56:02,797 : INFO : common : Created directory artifacts/data_transform]
[2024-12-02 23:56:02,825 : INFO : common : File saved successfully at artifacts/data_transform/train.csv]
[2024-12-02 23:56:02,830 : INFO : common : File saved successfully at artifacts/data_transform/test.csv]
[2024-12-03 00:01:11,553 : INFO : common : YAML file C:\Users\bored\Music\My_own\config\config.yaml is loaded safely]
[2024-12-03 00:01:12,447 : INFO : common : File saved successfully at artifacts/data_transform/train.csv]
[2024-12-03 00:01:12,498 : INFO : common : File saved successfully at artifacts/data_transform/test.csv]
[2024-12-03 00:20:41,496 : INFO : common : YAML file C:\Users\bored\Music\My_own\config\config.yaml is loaded safely]
[2024-12-03 00:20:41,501 : INFO : common : YAML file C:\Users\bored\Music\My_own\schema.yaml is loaded safely]
[2024-12-03 00:20:41,505 : INFO : common : YAML file C:\Users\bored\Music\My_own\params.yaml is loaded safely]
[2024-12-03 00:20:41,509 : INFO : common : Created directory artifacts]
[2024-12-03 00:20:41,510 : INFO : common : Created directory artifacts/data_ingestion]
[2024-12-03 00:20:41,512 : INFO : 1387786406 : File already exists]
[2024-12-03 00:20:41,552 : INFO : common : YAML file C:\Users\bored\Music\My_own\config\config.yaml is loaded safely]
[2024-12-03 00:20:41,556 : INFO : common : YAML file C:\Users\bored\Music\My_own\schema.yaml is loaded safely]
[2024-12-03 00:20:41,561 : INFO : common : YAML file C:\Users\bored\Music\My_own\params.yaml is loaded safely]
[2024-12-03 00:20:41,563 : INFO : common : Created directory artifacts]
[2024-12-03 00:20:41,564 : INFO : common : Created directory artifacts/data_transform]
[2024-12-03 00:20:41,590 : INFO : common : File saved successfully at artifacts/data_transform/train.csv]
[2024-12-03 00:20:41,596 : INFO : common : File saved successfully at artifacts/data_transform/test.csv]
[2024-12-03 00:20:41,622 : INFO : common : YAML file C:\Users\bored\Music\My_own\config\config.yaml is loaded safely]
[2024-12-03 00:20:41,628 : INFO : common : YAML file C:\Users\bored\Music\My_own\schema.yaml is loaded safely]
[2024-12-03 00:20:41,633 : INFO : common : YAML file C:\Users\bored\Music\My_own\params.yaml is loaded safely]
[2024-12-03 00:20:41,636 : INFO : common : Created directory artifacts]
[2024-12-03 00:20:41,639 : INFO : common : Created directory artifacts/data_clean]
[2024-12-03 00:20:41,682 : INFO : common : File saved successfully at artifacts/data_clean/test.csv]
[2024-12-03 00:20:41,689 : INFO : common : File saved successfully at artifacts/data_clean/train.csv]
[2024-12-03 12:22:40,974 : INFO : common : YAML file C:\Users\bored\Music\My_own\config\config.yaml is loaded safely]
[2024-12-03 12:22:42,529 : INFO : common : File saved successfully at artifacts/data_transform/train.csv]
[2024-12-03 12:22:42,569 : INFO : common : File saved successfully at artifacts/data_transform/test.csv]
[2024-12-03 15:01:11,485 : INFO : common : YAML file C:\Users\bored\Music\My_own\config\config.yaml is loaded safely]
[2024-12-03 15:02:07,968 : INFO : common : Created directory artifacts/model_train]
[2024-12-03 15:27:08,985 : INFO : common : YAML file C:\Users\bored\Music\My_own\config\config.yaml is loaded safely]
[2024-12-03 15:27:08,999 : INFO : common : YAML file C:\Users\bored\Music\My_own\schema.yaml is loaded safely]
[2024-12-03 15:27:09,005 : INFO : common : YAML file C:\Users\bored\Music\My_own\params.yaml is loaded safely]
[2024-12-03 15:27:09,007 : INFO : common : Created directory artifacts]
[2024-12-03 15:27:09,009 : INFO : common : Created directory artifacts/data_ingestion]
[2024-12-03 15:27:09,009 : INFO : 1387786406 : File already exists]
[2024-12-03 15:27:09,061 : INFO : common : YAML file C:\Users\bored\Music\My_own\config\config.yaml is loaded safely]
[2024-12-03 15:27:09,065 : INFO : common : YAML file C:\Users\bored\Music\My_own\schema.yaml is loaded safely]
[2024-12-03 15:27:09,068 : INFO : common : YAML file C:\Users\bored\Music\My_own\params.yaml is loaded safely]
[2024-12-03 15:27:09,071 : INFO : common : Created directory artifacts]
[2024-12-03 15:27:09,073 : INFO : common : Created directory artifacts/data_transform]
[2024-12-03 15:27:09,097 : INFO : common : File saved successfully at artifacts/data_transform/train.csv]
[2024-12-03 15:27:09,100 : INFO : common : File saved successfully at artifacts/data_transform/test.csv]
[2024-12-03 15:27:09,120 : INFO : common : YAML file C:\Users\bored\Music\My_own\config\config.yaml is loaded safely]
[2024-12-03 15:27:09,123 : INFO : common : YAML file C:\Users\bored\Music\My_own\schema.yaml is loaded safely]
[2024-12-03 15:27:09,126 : INFO : common : YAML file C:\Users\bored\Music\My_own\params.yaml is loaded safely]
[2024-12-03 15:27:09,126 : INFO : common : Created directory artifacts]
[2024-12-03 15:27:09,127 : INFO : common : Created directory artifacts/data_clean]
[2024-12-03 15:27:09,143 : INFO : common : File saved successfully at artifacts/data_clean/test.csv]
[2024-12-03 15:27:09,147 : INFO : common : File saved successfully at artifacts/data_clean/train.csv]
[2024-12-03 15:27:09,170 : INFO : common : YAML file C:\Users\bored\Music\My_own\config\config.yaml is loaded safely]
[2024-12-03 15:27:09,173 : INFO : common : YAML file C:\Users\bored\Music\My_own\schema.yaml is loaded safely]
[2024-12-03 15:27:09,175 : INFO : common : YAML file C:\Users\bored\Music\My_own\params.yaml is loaded safely]
[2024-12-03 15:27:09,177 : INFO : common : Created directory artifacts]
[2024-12-03 15:27:09,177 : INFO : common : Created directory artifacts/model_train]
[2024-12-03 15:28:43,966 : INFO : common : YAML file C:\Users\bored\Music\My_own\config\config.yaml is loaded safely]
[2024-12-03 15:28:43,974 : INFO : common : YAML file C:\Users\bored\Music\My_own\schema.yaml is loaded safely]
[2024-12-03 15:28:43,982 : INFO : common : YAML file C:\Users\bored\Music\My_own\params.yaml is loaded safely]
[2024-12-03 15:28:43,998 : INFO : common : Created directory artifacts]
[2024-12-03 15:28:44,002 : INFO : common : Created directory artifacts/data_ingestion]
[2024-12-03 15:28:45,184 : INFO : 1387786406 : artifacts/data_ingestion/data.csv downloaded! with following info
Connection: close
Content-Length: 65642
Cache-Control: max-age=300
Content-Security-Policy: default-src 'none'; style-src 'unsafe-inline'; sandbox
Content-Type: text/plain; charset=utf-8
ETag: "7a3b21963b623a3d9ec3c3d18549b285a9610e60ac27f90a49b1c0138b1ee0f0"
Strict-Transport-Security: max-age=31536000
X-Content-Type-Options: nosniff
X-Frame-Options: deny
X-XSS-Protection: 1; mode=block
X-GitHub-Request-Id: E5E2:287DA5:10A58C:14E86C:674ED654
Accept-Ranges: bytes
Date: Tue, 03 Dec 2024 09:58:44 GMT
Via: 1.1 varnish
X-Served-By: cache-maa10248-MAA
X-Cache: MISS
X-Cache-Hits: 0
X-Timer: S1733219924.492904,VS0,VE362
Vary: Authorization,Accept-Encoding,Origin
Access-Control-Allow-Origin: *
Cross-Origin-Resource-Policy: cross-origin
X-Fastly-Request-ID: f004b1e7f389414753ddd473612ff3a88fb4b5bc
Expires: Tue, 03 Dec 2024 10:03:44 GMT
Source-Age: 0

]
[2024-12-03 15:28:45,210 : INFO : common : YAML file C:\Users\bored\Music\My_own\config\config.yaml is loaded safely]
[2024-12-03 15:28:45,213 : INFO : common : YAML file C:\Users\bored\Music\My_own\schema.yaml is loaded safely]
[2024-12-03 15:28:45,216 : INFO : common : YAML file C:\Users\bored\Music\My_own\params.yaml is loaded safely]
[2024-12-03 15:28:45,217 : INFO : common : Created directory artifacts]
[2024-12-03 15:28:45,218 : INFO : common : Created directory artifacts/data_transform]
[2024-12-03 15:28:45,242 : INFO : common : File saved successfully at artifacts/data_transform/train.csv]
[2024-12-03 15:28:45,247 : INFO : common : File saved successfully at artifacts/data_transform/test.csv]
[2024-12-03 15:28:45,278 : INFO : common : YAML file C:\Users\bored\Music\My_own\config\config.yaml is loaded safely]
[2024-12-03 15:28:45,283 : INFO : common : YAML file C:\Users\bored\Music\My_own\schema.yaml is loaded safely]
[2024-12-03 15:28:45,285 : INFO : common : YAML file C:\Users\bored\Music\My_own\params.yaml is loaded safely]
[2024-12-03 15:28:45,287 : INFO : common : Created directory artifacts]
[2024-12-03 15:28:45,289 : INFO : common : Created directory artifacts/data_clean]
[2024-12-03 15:28:45,308 : INFO : common : File saved successfully at artifacts/data_clean/test.csv]
[2024-12-03 15:28:45,313 : INFO : common : File saved successfully at artifacts/data_clean/train.csv]
[2024-12-03 15:28:45,339 : INFO : common : YAML file C:\Users\bored\Music\My_own\config\config.yaml is loaded safely]
[2024-12-03 15:28:45,343 : INFO : common : YAML file C:\Users\bored\Music\My_own\schema.yaml is loaded safely]
[2024-12-03 15:28:45,347 : INFO : common : YAML file C:\Users\bored\Music\My_own\params.yaml is loaded safely]
[2024-12-03 15:28:45,349 : INFO : common : Created directory artifacts]
[2024-12-03 15:28:45,351 : INFO : common : Created directory artifacts/model_train]
[2024-12-03 15:31:40,731 : INFO : common : YAML file C:\Users\bored\Music\My_own\config\config.yaml is loaded safely]
[2024-12-03 15:31:40,735 : INFO : common : YAML file C:\Users\bored\Music\My_own\schema.yaml is loaded safely]
[2024-12-03 15:31:40,738 : INFO : common : YAML file C:\Users\bored\Music\My_own\params.yaml is loaded safely]
[2024-12-03 15:31:40,740 : INFO : common : Created directory artifacts]
[2024-12-03 15:31:40,742 : INFO : common : Created directory artifacts/data_ingestion]
[2024-12-03 15:31:40,743 : INFO : 1387786406 : File already exists]
[2024-12-03 15:31:40,760 : INFO : common : YAML file C:\Users\bored\Music\My_own\config\config.yaml is loaded safely]
[2024-12-03 15:31:40,763 : INFO : common : YAML file C:\Users\bored\Music\My_own\schema.yaml is loaded safely]
[2024-12-03 15:31:40,766 : INFO : common : YAML file C:\Users\bored\Music\My_own\params.yaml is loaded safely]
[2024-12-03 15:31:40,767 : INFO : common : Created directory artifacts]
[2024-12-03 15:31:40,768 : INFO : common : Created directory artifacts/data_transform]
[2024-12-03 15:31:40,782 : INFO : common : File saved successfully at artifacts/data_transform/train.csv]
[2024-12-03 15:31:40,787 : INFO : common : File saved successfully at artifacts/data_transform/test.csv]
[2024-12-03 15:31:40,808 : INFO : common : YAML file C:\Users\bored\Music\My_own\config\config.yaml is loaded safely]
[2024-12-03 15:31:40,812 : INFO : common : YAML file C:\Users\bored\Music\My_own\schema.yaml is loaded safely]
[2024-12-03 15:31:40,815 : INFO : common : YAML file C:\Users\bored\Music\My_own\params.yaml is loaded safely]
[2024-12-03 15:31:40,817 : INFO : common : Created directory artifacts]
[2024-12-03 15:31:40,818 : INFO : common : Created directory artifacts/data_clean]
[2024-12-03 15:31:40,834 : INFO : common : File saved successfully at artifacts/data_clean/test.csv]
[2024-12-03 15:31:40,838 : INFO : common : File saved successfully at artifacts/data_clean/train.csv]
[2024-12-03 15:31:40,858 : INFO : common : YAML file C:\Users\bored\Music\My_own\config\config.yaml is loaded safely]
[2024-12-03 15:31:40,861 : INFO : common : YAML file C:\Users\bored\Music\My_own\schema.yaml is loaded safely]
[2024-12-03 15:31:40,863 : INFO : common : YAML file C:\Users\bored\Music\My_own\params.yaml is loaded safely]
[2024-12-03 15:31:40,865 : INFO : common : Created directory artifacts]
[2024-12-03 15:31:40,867 : INFO : common : Created directory artifacts/model_train]
[2024-12-03 15:45:16,418 : INFO : common : YAML file C:\Users\bored\Music\My_own\config\config.yaml is loaded safely]
[2024-12-03 15:45:16,424 : INFO : common : YAML file C:\Users\bored\Music\My_own\schema.yaml is loaded safely]
[2024-12-03 15:45:16,428 : INFO : common : YAML file C:\Users\bored\Music\My_own\params.yaml is loaded safely]
[2024-12-03 15:45:16,430 : INFO : common : Created directory artifacts]
[2024-12-03 15:45:16,431 : INFO : common : Created directory artifacts/data_ingestion]
[2024-12-03 15:45:16,432 : INFO : 1387786406 : File already exists]
[2024-12-03 15:45:16,449 : INFO : common : YAML file C:\Users\bored\Music\My_own\config\config.yaml is loaded safely]
[2024-12-03 15:45:16,453 : INFO : common : YAML file C:\Users\bored\Music\My_own\schema.yaml is loaded safely]
[2024-12-03 15:45:16,459 : INFO : common : YAML file C:\Users\bored\Music\My_own\params.yaml is loaded safely]
[2024-12-03 15:45:16,460 : INFO : common : Created directory artifacts]
[2024-12-03 15:45:16,461 : INFO : common : Created directory artifacts/data_transform]
[2024-12-03 15:45:16,481 : INFO : common : File saved successfully at artifacts/data_transform/train.csv]
[2024-12-03 15:45:16,486 : INFO : common : File saved successfully at artifacts/data_transform/test.csv]
[2024-12-03 15:45:16,510 : INFO : common : YAML file C:\Users\bored\Music\My_own\config\config.yaml is loaded safely]
[2024-12-03 15:45:16,516 : INFO : common : YAML file C:\Users\bored\Music\My_own\schema.yaml is loaded safely]
[2024-12-03 15:45:16,520 : INFO : common : YAML file C:\Users\bored\Music\My_own\params.yaml is loaded safely]
[2024-12-03 15:45:16,522 : INFO : common : Created directory artifacts]
[2024-12-03 15:45:16,523 : INFO : common : Created directory artifacts/data_clean]
[2024-12-03 15:45:16,548 : INFO : common : File saved successfully at artifacts/data_clean/test.csv]
[2024-12-03 15:45:16,551 : INFO : common : File saved successfully at artifacts/data_clean/train.csv]
[2024-12-03 15:45:16,567 : INFO : common : YAML file C:\Users\bored\Music\My_own\config\config.yaml is loaded safely]
[2024-12-03 15:45:16,570 : INFO : common : YAML file C:\Users\bored\Music\My_own\schema.yaml is loaded safely]
[2024-12-03 15:45:16,573 : INFO : common : YAML file C:\Users\bored\Music\My_own\params.yaml is loaded safely]
[2024-12-03 15:45:16,574 : INFO : common : Created directory artifacts]
[2024-12-03 15:45:16,575 : INFO : common : Created directory artifacts/model_train]
[2024-12-03 15:49:28,931 : INFO : common : YAML file C:\Users\bored\Music\My_own\config\config.yaml is loaded safely]
[2024-12-03 15:49:29,562 : INFO : common : File saved successfully at artifacts/data_transform/train.csv]
[2024-12-03 15:49:29,604 : INFO : common : File saved successfully at artifacts/data_transform/test.csv]
[2024-12-03 15:49:39,484 : INFO : common : YAML file C:\Users\bored\Music\My_own\config\config.yaml is loaded safely]
[2024-12-03 15:49:39,526 : INFO : common : Created directory artifacts/model_train]
[2024-12-03 17:09:53,770 : INFO : common : YAML file C:\Users\bored\Music\My_own\config\config.yaml is loaded safely]
[2024-12-03 17:09:53,774 : INFO : common : YAML file C:\Users\bored\Music\My_own\schema.yaml is loaded safely]
[2024-12-03 17:09:53,778 : INFO : common : YAML file C:\Users\bored\Music\My_own\params.yaml is loaded safely]
[2024-12-03 17:09:53,780 : INFO : common : Created directory artifacts]
[2024-12-03 17:09:53,782 : INFO : common : Created directory artifacts/data_ingestion]
[2024-12-03 17:09:53,783 : INFO : 1387786406 : File already exists]
[2024-12-03 17:09:53,823 : INFO : common : YAML file C:\Users\bored\Music\My_own\config\config.yaml is loaded safely]
[2024-12-03 17:09:53,826 : INFO : common : YAML file C:\Users\bored\Music\My_own\schema.yaml is loaded safely]
[2024-12-03 17:09:53,831 : INFO : common : YAML file C:\Users\bored\Music\My_own\params.yaml is loaded safely]
[2024-12-03 17:09:53,834 : INFO : common : Created directory artifacts]
[2024-12-03 17:09:53,835 : INFO : common : Created directory artifacts/data_transform]
[2024-12-03 17:09:53,855 : INFO : common : File saved successfully at artifacts/data_transform/train.csv]
[2024-12-03 17:09:53,859 : INFO : common : File saved successfully at artifacts/data_transform/test.csv]
[2024-12-03 17:09:53,885 : INFO : common : YAML file C:\Users\bored\Music\My_own\config\config.yaml is loaded safely]
[2024-12-03 17:09:53,891 : INFO : common : YAML file C:\Users\bored\Music\My_own\schema.yaml is loaded safely]
[2024-12-03 17:09:53,894 : INFO : common : YAML file C:\Users\bored\Music\My_own\params.yaml is loaded safely]
[2024-12-03 17:09:53,898 : INFO : common : Created directory artifacts]
[2024-12-03 17:09:53,900 : INFO : common : Created directory artifacts/data_clean]
[2024-12-03 17:09:53,931 : INFO : common : File saved successfully at artifacts/data_clean/test.csv]
[2024-12-03 17:09:53,936 : INFO : common : File saved successfully at artifacts/data_clean/train.csv]
[2024-12-03 17:09:53,960 : INFO : common : YAML file C:\Users\bored\Music\My_own\config\config.yaml is loaded safely]
[2024-12-03 17:09:53,968 : INFO : common : YAML file C:\Users\bored\Music\My_own\schema.yaml is loaded safely]
[2024-12-03 17:09:53,972 : INFO : common : YAML file C:\Users\bored\Music\My_own\params.yaml is loaded safely]
[2024-12-03 17:09:53,974 : INFO : common : Created directory artifacts]
[2024-12-03 17:09:53,976 : INFO : common : Created directory artifacts/model_train]
[2024-12-03 17:09:59,917 : INFO : common : YAML file C:\Users\bored\Music\My_own\config\config.yaml is loaded safely]
[2024-12-03 17:09:59,920 : INFO : common : YAML file C:\Users\bored\Music\My_own\schema.yaml is loaded safely]
[2024-12-03 17:09:59,926 : INFO : common : YAML file C:\Users\bored\Music\My_own\params.yaml is loaded safely]
[2024-12-03 17:09:59,928 : INFO : common : Created directory artifacts]
[2024-12-03 17:13:00,071 : INFO : common : YAML file C:\Users\bored\Music\My_own\config\config.yaml is loaded safely]
[2024-12-03 17:13:00,076 : INFO : common : YAML file C:\Users\bored\Music\My_own\schema.yaml is loaded safely]
[2024-12-03 17:13:00,079 : INFO : common : YAML file C:\Users\bored\Music\My_own\params.yaml is loaded safely]
[2024-12-03 17:13:00,081 : INFO : common : Created directory artifacts]
[2024-12-03 17:13:00,083 : INFO : common : Created directory artifacts/data_ingestion]
[2024-12-03 17:13:00,083 : INFO : 1387786406 : File already exists]
[2024-12-03 17:13:00,115 : INFO : common : YAML file C:\Users\bored\Music\My_own\config\config.yaml is loaded safely]
[2024-12-03 17:13:00,118 : INFO : common : YAML file C:\Users\bored\Music\My_own\schema.yaml is loaded safely]
[2024-12-03 17:13:00,121 : INFO : common : YAML file C:\Users\bored\Music\My_own\params.yaml is loaded safely]
[2024-12-03 17:13:00,124 : INFO : common : Created directory artifacts]
[2024-12-03 17:13:00,125 : INFO : common : Created directory artifacts/data_transform]
[2024-12-03 17:13:00,143 : INFO : common : File saved successfully at artifacts/data_transform/train.csv]
[2024-12-03 17:13:00,147 : INFO : common : File saved successfully at artifacts/data_transform/test.csv]
[2024-12-03 17:13:00,179 : INFO : common : YAML file C:\Users\bored\Music\My_own\config\config.yaml is loaded safely]
[2024-12-03 17:13:00,183 : INFO : common : YAML file C:\Users\bored\Music\My_own\schema.yaml is loaded safely]
[2024-12-03 17:13:00,187 : INFO : common : YAML file C:\Users\bored\Music\My_own\params.yaml is loaded safely]
[2024-12-03 17:13:00,190 : INFO : common : Created directory artifacts]
[2024-12-03 17:13:00,192 : INFO : common : Created directory artifacts/data_clean]
[2024-12-03 17:13:00,215 : INFO : common : File saved successfully at artifacts/data_clean/test.csv]
[2024-12-03 17:13:00,219 : INFO : common : File saved successfully at artifacts/data_clean/train.csv]
[2024-12-03 17:13:00,260 : INFO : common : YAML file C:\Users\bored\Music\My_own\config\config.yaml is loaded safely]
[2024-12-03 17:13:00,264 : INFO : common : YAML file C:\Users\bored\Music\My_own\schema.yaml is loaded safely]
[2024-12-03 17:13:00,268 : INFO : common : YAML file C:\Users\bored\Music\My_own\params.yaml is loaded safely]
[2024-12-03 17:13:00,269 : INFO : common : Created directory artifacts]
[2024-12-03 17:13:00,271 : INFO : common : Created directory artifacts/model_train]
[2024-12-03 17:13:05,962 : INFO : common : YAML file C:\Users\bored\Music\My_own\config\config.yaml is loaded safely]
[2024-12-03 17:13:05,968 : INFO : common : YAML file C:\Users\bored\Music\My_own\schema.yaml is loaded safely]
[2024-12-03 17:13:05,971 : INFO : common : YAML file C:\Users\bored\Music\My_own\params.yaml is loaded safely]
[2024-12-03 17:13:05,973 : INFO : common : Created directory artifacts]
[2024-12-03 17:20:33,375 : INFO : common : YAML file C:\Users\bored\Music\My_own\config\config.yaml is loaded safely]
[2024-12-03 17:20:33,378 : INFO : common : YAML file C:\Users\bored\Music\My_own\schema.yaml is loaded safely]
[2024-12-03 17:20:33,382 : INFO : common : YAML file C:\Users\bored\Music\My_own\params.yaml is loaded safely]
[2024-12-03 17:20:33,385 : INFO : common : Created directory artifacts]
[2024-12-03 17:20:33,387 : INFO : common : Created directory artifacts/data_ingestion]
[2024-12-03 17:20:34,957 : INFO : 1387786406 : artifacts/data_ingestion/data.csv downloaded! with following info
Connection: close
Content-Length: 65642
Cache-Control: max-age=300
Content-Security-Policy: default-src 'none'; style-src 'unsafe-inline'; sandbox
Content-Type: text/plain; charset=utf-8
ETag: "7a3b21963b623a3d9ec3c3d18549b285a9610e60ac27f90a49b1c0138b1ee0f0"
Strict-Transport-Security: max-age=31536000
X-Content-Type-Options: nosniff
X-Frame-Options: deny
X-XSS-Protection: 1; mode=block
X-GitHub-Request-Id: 9260:289814:13A67B:183FAD:674EF089
Accept-Ranges: bytes
Date: Tue, 03 Dec 2024 11:50:34 GMT
Via: 1.1 varnish
X-Served-By: cache-maa10235-MAA
X-Cache: MISS
X-Cache-Hits: 0
X-Timer: S1733226634.318438,VS0,VE339
Vary: Authorization,Accept-Encoding,Origin
Access-Control-Allow-Origin: *
Cross-Origin-Resource-Policy: cross-origin
X-Fastly-Request-ID: 65b8ff0c7a910e00a6d0bb38c2ee5f2671f84b85
Expires: Tue, 03 Dec 2024 11:55:34 GMT
Source-Age: 0

]
[2024-12-03 17:20:34,983 : INFO : common : YAML file C:\Users\bored\Music\My_own\config\config.yaml is loaded safely]
[2024-12-03 17:20:34,990 : INFO : common : YAML file C:\Users\bored\Music\My_own\schema.yaml is loaded safely]
[2024-12-03 17:20:34,994 : INFO : common : YAML file C:\Users\bored\Music\My_own\params.yaml is loaded safely]
[2024-12-03 17:20:34,996 : INFO : common : Created directory artifacts]
[2024-12-03 17:20:34,998 : INFO : common : Created directory artifacts/data_transform]
[2024-12-03 17:20:35,026 : INFO : common : File saved successfully at artifacts/data_transform/train.csv]
[2024-12-03 17:20:35,033 : INFO : common : File saved successfully at artifacts/data_transform/test.csv]
[2024-12-03 17:20:35,056 : INFO : common : YAML file C:\Users\bored\Music\My_own\config\config.yaml is loaded safely]
[2024-12-03 17:20:35,059 : INFO : common : YAML file C:\Users\bored\Music\My_own\schema.yaml is loaded safely]
[2024-12-03 17:20:35,063 : INFO : common : YAML file C:\Users\bored\Music\My_own\params.yaml is loaded safely]
[2024-12-03 17:20:35,066 : INFO : common : Created directory artifacts]
[2024-12-03 17:20:35,069 : INFO : common : Created directory artifacts/data_clean]
[2024-12-03 17:20:35,090 : INFO : common : File saved successfully at artifacts/data_clean/test.csv]
[2024-12-03 17:20:35,094 : INFO : common : File saved successfully at artifacts/data_clean/train.csv]
[2024-12-03 17:20:35,117 : INFO : common : YAML file C:\Users\bored\Music\My_own\config\config.yaml is loaded safely]
[2024-12-03 17:20:35,122 : INFO : common : YAML file C:\Users\bored\Music\My_own\schema.yaml is loaded safely]
[2024-12-03 17:20:35,125 : INFO : common : YAML file C:\Users\bored\Music\My_own\params.yaml is loaded safely]
[2024-12-03 17:20:35,127 : INFO : common : Created directory artifacts]
[2024-12-03 17:20:35,128 : INFO : common : Created directory artifacts/model_train]
[2024-12-03 17:20:41,561 : INFO : common : YAML file C:\Users\bored\Music\My_own\config\config.yaml is loaded safely]
[2024-12-03 17:20:41,565 : INFO : common : YAML file C:\Users\bored\Music\My_own\schema.yaml is loaded safely]
[2024-12-03 17:20:41,569 : INFO : common : YAML file C:\Users\bored\Music\My_own\params.yaml is loaded safely]
[2024-12-03 17:20:41,570 : INFO : common : Created directory artifacts]
[2024-12-03 17:24:52,000 : INFO : common : YAML file C:\Users\bored\Music\My_own\config\config.yaml is loaded safely]
[2024-12-03 17:24:52,005 : INFO : common : YAML file C:\Users\bored\Music\My_own\schema.yaml is loaded safely]
[2024-12-03 17:24:52,009 : INFO : common : YAML file C:\Users\bored\Music\My_own\params.yaml is loaded safely]
[2024-12-03 17:24:52,012 : INFO : common : Created directory artifacts]
[2024-12-03 17:24:52,013 : INFO : common : Created directory artifacts/data_ingestion]
[2024-12-03 17:24:52,014 : INFO : 1387786406 : File already exists]
[2024-12-03 17:24:52,047 : INFO : common : YAML file C:\Users\bored\Music\My_own\config\config.yaml is loaded safely]
[2024-12-03 17:24:52,050 : INFO : common : YAML file C:\Users\bored\Music\My_own\schema.yaml is loaded safely]
[2024-12-03 17:24:52,053 : INFO : common : YAML file C:\Users\bored\Music\My_own\params.yaml is loaded safely]
[2024-12-03 17:24:52,054 : INFO : common : Created directory artifacts]
[2024-12-03 17:24:52,055 : INFO : common : Created directory artifacts/data_transform]
[2024-12-03 17:24:52,071 : INFO : common : File saved successfully at artifacts/data_transform/train.csv]
[2024-12-03 17:24:52,078 : INFO : common : File saved successfully at artifacts/data_transform/test.csv]
[2024-12-03 17:24:52,109 : INFO : common : YAML file C:\Users\bored\Music\My_own\config\config.yaml is loaded safely]
[2024-12-03 17:24:52,112 : INFO : common : YAML file C:\Users\bored\Music\My_own\schema.yaml is loaded safely]
[2024-12-03 17:24:52,115 : INFO : common : YAML file C:\Users\bored\Music\My_own\params.yaml is loaded safely]
[2024-12-03 17:24:52,117 : INFO : common : Created directory artifacts]
[2024-12-03 17:24:52,118 : INFO : common : Created directory artifacts/data_clean]
[2024-12-03 17:24:52,136 : INFO : common : File saved successfully at artifacts/data_clean/test.csv]
[2024-12-03 17:24:52,142 : INFO : common : File saved successfully at artifacts/data_clean/train.csv]
[2024-12-03 17:24:52,172 : INFO : common : YAML file C:\Users\bored\Music\My_own\config\config.yaml is loaded safely]
[2024-12-03 17:24:52,177 : INFO : common : YAML file C:\Users\bored\Music\My_own\schema.yaml is loaded safely]
[2024-12-03 17:24:52,180 : INFO : common : YAML file C:\Users\bored\Music\My_own\params.yaml is loaded safely]
[2024-12-03 17:24:52,181 : INFO : common : Created directory artifacts]
[2024-12-03 17:24:52,182 : INFO : common : Created directory artifacts/model_train]
[2024-12-03 17:24:58,139 : INFO : common : YAML file C:\Users\bored\Music\My_own\config\config.yaml is loaded safely]
[2024-12-03 17:24:58,143 : INFO : common : YAML file C:\Users\bored\Music\My_own\schema.yaml is loaded safely]
[2024-12-03 17:24:58,146 : INFO : common : YAML file C:\Users\bored\Music\My_own\params.yaml is loaded safely]
[2024-12-03 17:24:58,148 : INFO : common : Created directory artifacts]
[2024-12-03 17:30:41,018 : INFO : common : YAML file C:\Users\bored\Music\My_own\config\config.yaml is loaded safely]
[2024-12-03 17:46:24,649 : INFO : common : File saved successfully at artifacts/model_validation/scores.csv]
[2024-12-03 18:01:43,674 : INFO : common : YAML file C:\Users\bored\Music\My_own\config\config.yaml is loaded safely]
[2024-12-03 18:01:43,684 : INFO : common : YAML file C:\Users\bored\Music\My_own\schema.yaml is loaded safely]
[2024-12-03 18:01:43,688 : INFO : common : YAML file C:\Users\bored\Music\My_own\params.yaml is loaded safely]
[2024-12-03 18:01:43,691 : INFO : common : Created directory artifacts]
[2024-12-03 18:01:43,695 : INFO : common : Created directory artifacts/data_ingestion]
[2024-12-03 18:01:43,699 : INFO : 1387786406 : File already exists]
[2024-12-03 18:01:43,740 : INFO : common : YAML file C:\Users\bored\Music\My_own\config\config.yaml is loaded safely]
[2024-12-03 18:01:43,748 : INFO : common : YAML file C:\Users\bored\Music\My_own\schema.yaml is loaded safely]
[2024-12-03 18:01:43,752 : INFO : common : YAML file C:\Users\bored\Music\My_own\params.yaml is loaded safely]
[2024-12-03 18:01:43,754 : INFO : common : Created directory artifacts]
[2024-12-03 18:01:43,756 : INFO : common : Created directory artifacts/data_transform]
[2024-12-03 18:01:43,792 : INFO : common : File saved successfully at artifacts/data_transform/train.csv]
[2024-12-03 18:01:43,803 : INFO : common : File saved successfully at artifacts/data_transform/test.csv]
[2024-12-03 18:01:43,840 : INFO : common : YAML file C:\Users\bored\Music\My_own\config\config.yaml is loaded safely]
[2024-12-03 18:01:43,851 : INFO : common : YAML file C:\Users\bored\Music\My_own\schema.yaml is loaded safely]
[2024-12-03 18:01:43,857 : INFO : common : YAML file C:\Users\bored\Music\My_own\params.yaml is loaded safely]
[2024-12-03 18:01:43,864 : INFO : common : Created directory artifacts]
[2024-12-03 18:01:43,867 : INFO : common : Created directory artifacts/data_clean]
[2024-12-03 18:01:43,907 : INFO : common : File saved successfully at artifacts/data_clean/test.csv]
[2024-12-03 18:01:43,919 : INFO : common : File saved successfully at artifacts/data_clean/train.csv]
[2024-12-03 18:01:43,965 : INFO : common : YAML file C:\Users\bored\Music\My_own\config\config.yaml is loaded safely]
[2024-12-03 18:01:43,972 : INFO : common : YAML file C:\Users\bored\Music\My_own\schema.yaml is loaded safely]
[2024-12-03 18:01:43,989 : INFO : common : YAML file C:\Users\bored\Music\My_own\params.yaml is loaded safely]
[2024-12-03 18:01:43,992 : INFO : common : Created directory artifacts]
[2024-12-03 18:01:43,998 : INFO : common : Created directory artifacts/model_train]
[2024-12-03 18:01:50,630 : INFO : common : YAML file C:\Users\bored\Music\My_own\config\config.yaml is loaded safely]
[2024-12-03 18:01:50,635 : INFO : common : YAML file C:\Users\bored\Music\My_own\schema.yaml is loaded safely]
[2024-12-03 18:01:50,641 : INFO : common : YAML file C:\Users\bored\Music\My_own\params.yaml is loaded safely]
[2024-12-03 18:01:50,642 : INFO : common : Created directory artifacts]
[2024-12-03 18:02:19,359 : INFO : common : YAML file C:\Users\bored\Music\My_own\config\config.yaml is loaded safely]
[2024-12-03 18:10:16,985 : INFO : common : YAML file C:\Users\bored\Music\My_own\config\config.yaml is loaded safely]
[2024-12-03 18:10:16,988 : INFO : common : YAML file C:\Users\bored\Music\My_own\schema.yaml is loaded safely]
[2024-12-03 18:10:16,990 : INFO : common : YAML file C:\Users\bored\Music\My_own\params.yaml is loaded safely]
[2024-12-03 18:10:16,991 : INFO : common : Created directory artifacts]
[2024-12-03 18:10:23,598 : INFO : common : YAML file C:\Users\bored\Music\My_own\config\config.yaml is loaded safely]
[2024-12-03 18:10:23,601 : INFO : common : YAML file C:\Users\bored\Music\My_own\schema.yaml is loaded safely]
[2024-12-03 18:10:23,604 : INFO : common : YAML file C:\Users\bored\Music\My_own\params.yaml is loaded safely]
[2024-12-03 18:10:23,606 : INFO : common : Created directory artifacts]
[2024-12-03 18:11:01,001 : INFO : common : YAML file C:\Users\bored\Music\My_own\config\config.yaml is loaded safely]
[2024-12-03 18:11:01,005 : INFO : common : YAML file C:\Users\bored\Music\My_own\schema.yaml is loaded safely]
[2024-12-03 18:11:01,008 : INFO : common : YAML file C:\Users\bored\Music\My_own\params.yaml is loaded safely]
[2024-12-03 18:11:01,011 : INFO : common : Created directory artifacts]
[2024-12-03 18:12:12,193 : INFO : common : YAML file C:\Users\bored\Music\My_own\config\config.yaml is loaded safely]
[2024-12-03 18:12:12,196 : INFO : common : YAML file C:\Users\bored\Music\My_own\schema.yaml is loaded safely]
[2024-12-03 18:12:12,201 : INFO : common : YAML file C:\Users\bored\Music\My_own\params.yaml is loaded safely]
[2024-12-03 18:12:12,203 : INFO : common : Created directory artifacts]
[2024-12-03 18:13:16,817 : INFO : common : YAML file C:\Users\bored\Music\My_own\config\config.yaml is loaded safely]
[2024-12-03 18:13:16,819 : INFO : common : YAML file C:\Users\bored\Music\My_own\schema.yaml is loaded safely]
[2024-12-03 18:13:16,823 : INFO : common : YAML file C:\Users\bored\Music\My_own\params.yaml is loaded safely]
[2024-12-03 18:13:16,825 : INFO : common : Created directory artifacts]
[2024-12-03 18:13:16,827 : INFO : common : Created directory artifacts/model_validation]
[2024-12-03 18:14:00,157 : INFO : common : YAML file C:\Users\bored\Music\My_own\config\config.yaml is loaded safely]
[2024-12-03 18:14:00,160 : INFO : common : YAML file C:\Users\bored\Music\My_own\schema.yaml is loaded safely]
[2024-12-03 18:14:00,163 : INFO : common : YAML file C:\Users\bored\Music\My_own\params.yaml is loaded safely]
[2024-12-03 18:14:00,166 : INFO : common : Created directory artifacts]
[2024-12-03 18:14:00,171 : INFO : common : Created directory artifacts/model_validation]
[2024-12-03 18:17:50,764 : INFO : common : YAML file C:\Users\bored\Music\My_own\config\config.yaml is loaded safely]
[2024-12-03 18:17:50,766 : INFO : common : YAML file C:\Users\bored\Music\My_own\schema.yaml is loaded safely]
[2024-12-03 18:17:50,770 : INFO : common : YAML file C:\Users\bored\Music\My_own\params.yaml is loaded safely]
[2024-12-03 18:17:50,772 : INFO : common : Created directory artifacts]
[2024-12-03 18:17:50,774 : INFO : common : Created directory artifacts/model_validation]
[2024-12-03 18:22:21,289 : INFO : common : YAML file C:\Users\bored\Music\My_own\config\config.yaml is loaded safely]
[2024-12-03 18:22:21,292 : INFO : common : YAML file C:\Users\bored\Music\My_own\schema.yaml is loaded safely]
[2024-12-03 18:22:21,296 : INFO : common : YAML file C:\Users\bored\Music\My_own\params.yaml is loaded safely]
[2024-12-03 18:22:21,298 : INFO : common : Created directory artifacts]
[2024-12-03 18:22:21,300 : INFO : common : Created directory artifacts/model_validation]
[2024-12-03 18:23:18,056 : INFO : common : YAML file C:\Users\bored\Music\My_own\config\config.yaml is loaded safely]
[2024-12-03 18:23:18,059 : INFO : common : YAML file C:\Users\bored\Music\My_own\schema.yaml is loaded safely]
[2024-12-03 18:23:18,062 : INFO : common : YAML file C:\Users\bored\Music\My_own\params.yaml is loaded safely]
[2024-12-03 18:23:18,064 : INFO : common : Created directory artifacts]
[2024-12-03 18:23:18,065 : INFO : common : Created directory artifacts/model_validation]
[2024-12-03 18:27:48,369 : INFO : common : YAML file C:\Users\bored\Music\My_own\config\config.yaml is loaded safely]
[2024-12-03 18:27:48,373 : INFO : common : YAML file C:\Users\bored\Music\My_own\schema.yaml is loaded safely]
[2024-12-03 18:27:48,376 : INFO : common : YAML file C:\Users\bored\Music\My_own\params.yaml is loaded safely]
[2024-12-03 18:27:48,379 : INFO : common : Created directory artifacts]
[2024-12-03 18:27:48,383 : INFO : common : Created directory artifacts/model_validation]
[2024-12-03 18:35:14,031 : INFO : common : YAML file C:\Users\bored\Music\My_own\config\config.yaml is loaded safely]
[2024-12-03 18:35:14,034 : INFO : common : YAML file C:\Users\bored\Music\My_own\schema.yaml is loaded safely]
[2024-12-03 18:35:14,037 : INFO : common : YAML file C:\Users\bored\Music\My_own\params.yaml is loaded safely]
[2024-12-03 18:35:14,040 : INFO : common : Created directory artifacts]
[2024-12-03 18:35:14,042 : INFO : common : Created directory artifacts/model_validation]
[2024-12-03 18:35:33,511 : INFO : common : YAML file C:\Users\bored\Music\My_own\config\config.yaml is loaded safely]
[2024-12-03 18:35:33,514 : INFO : common : YAML file C:\Users\bored\Music\My_own\schema.yaml is loaded safely]
[2024-12-03 18:35:33,518 : INFO : common : YAML file C:\Users\bored\Music\My_own\params.yaml is loaded safely]
[2024-12-03 18:35:33,523 : INFO : common : Created directory artifacts]
[2024-12-03 18:35:33,524 : INFO : common : Created directory artifacts/model_validation]
[2024-12-03 18:37:13,885 : INFO : common : YAML file C:\Users\bored\Music\My_own\config\config.yaml is loaded safely]
[2024-12-03 18:37:13,891 : INFO : common : YAML file C:\Users\bored\Music\My_own\schema.yaml is loaded safely]
[2024-12-03 18:37:13,894 : INFO : common : YAML file C:\Users\bored\Music\My_own\params.yaml is loaded safely]
[2024-12-03 18:37:13,896 : INFO : common : Created directory artifacts]
[2024-12-03 18:37:13,897 : INFO : common : Created directory artifacts/data_ingestion]
[2024-12-03 18:37:13,898 : INFO : 1387786406 : File already exists]
[2024-12-03 18:37:13,934 : INFO : common : YAML file C:\Users\bored\Music\My_own\config\config.yaml is loaded safely]
[2024-12-03 18:37:13,938 : INFO : common : YAML file C:\Users\bored\Music\My_own\schema.yaml is loaded safely]
[2024-12-03 18:37:13,941 : INFO : common : YAML file C:\Users\bored\Music\My_own\params.yaml is loaded safely]
[2024-12-03 18:37:13,942 : INFO : common : Created directory artifacts]
[2024-12-03 18:37:13,943 : INFO : common : Created directory artifacts/data_transform]
[2024-12-03 18:37:13,959 : INFO : common : File saved successfully at artifacts/data_transform/train.csv]
[2024-12-03 18:37:13,963 : INFO : common : File saved successfully at artifacts/data_transform/test.csv]
[2024-12-03 18:37:13,995 : INFO : common : YAML file C:\Users\bored\Music\My_own\config\config.yaml is loaded safely]
[2024-12-03 18:37:13,998 : INFO : common : YAML file C:\Users\bored\Music\My_own\schema.yaml is loaded safely]
[2024-12-03 18:37:14,002 : INFO : common : YAML file C:\Users\bored\Music\My_own\params.yaml is loaded safely]
[2024-12-03 18:37:14,005 : INFO : common : Created directory artifacts]
[2024-12-03 18:37:14,006 : INFO : common : Created directory artifacts/data_clean]
[2024-12-03 18:37:14,026 : INFO : common : File saved successfully at artifacts/data_clean/test.csv]
[2024-12-03 18:37:14,030 : INFO : common : File saved successfully at artifacts/data_clean/train.csv]
[2024-12-03 18:37:14,056 : INFO : common : YAML file C:\Users\bored\Music\My_own\config\config.yaml is loaded safely]
[2024-12-03 18:37:14,060 : INFO : common : YAML file C:\Users\bored\Music\My_own\schema.yaml is loaded safely]
[2024-12-03 18:37:14,064 : INFO : common : YAML file C:\Users\bored\Music\My_own\params.yaml is loaded safely]
[2024-12-03 18:37:14,066 : INFO : common : Created directory artifacts]
[2024-12-03 18:37:14,068 : INFO : common : Created directory artifacts/model_train]
[2024-12-03 18:37:22,193 : INFO : common : YAML file C:\Users\bored\Music\My_own\config\config.yaml is loaded safely]
[2024-12-03 18:37:22,217 : INFO : common : YAML file C:\Users\bored\Music\My_own\schema.yaml is loaded safely]
[2024-12-03 18:37:22,248 : INFO : common : YAML file C:\Users\bored\Music\My_own\params.yaml is loaded safely]
[2024-12-03 18:37:22,252 : INFO : common : Created directory artifacts]
[2024-12-03 18:37:22,256 : INFO : common : Created directory artifacts/model_validation]
[2024-12-03 18:45:59,044 : INFO : common : YAML file C:\Users\bored\Music\My_own\config\config.yaml is loaded safely]
[2024-12-03 18:45:59,050 : INFO : common : YAML file C:\Users\bored\Music\My_own\schema.yaml is loaded safely]
[2024-12-03 18:45:59,053 : INFO : common : YAML file C:\Users\bored\Music\My_own\params.yaml is loaded safely]
[2024-12-03 18:45:59,055 : INFO : common : Created directory artifacts]
[2024-12-03 18:45:59,060 : INFO : common : Created directory artifacts/model_validation]
[2024-12-03 18:47:44,985 : INFO : common : YAML file C:\Users\bored\Music\My_own\config\config.yaml is loaded safely]
[2024-12-03 18:47:44,987 : INFO : common : YAML file C:\Users\bored\Music\My_own\schema.yaml is loaded safely]
[2024-12-03 18:47:44,990 : INFO : common : YAML file C:\Users\bored\Music\My_own\params.yaml is loaded safely]
[2024-12-03 18:47:44,992 : INFO : common : Created directory artifacts]
[2024-12-03 18:47:44,995 : INFO : common : Created directory artifacts/model_validation]
[2024-12-03 18:49:28,736 : INFO : common : YAML file C:\Users\bored\Music\My_own\config\config.yaml is loaded safely]
[2024-12-03 18:49:28,739 : INFO : common : YAML file C:\Users\bored\Music\My_own\schema.yaml is loaded safely]
[2024-12-03 18:49:28,742 : INFO : common : YAML file C:\Users\bored\Music\My_own\params.yaml is loaded safely]
[2024-12-03 18:49:28,743 : INFO : common : Created directory artifacts]
[2024-12-03 18:49:28,745 : INFO : common : Created directory artifacts/data_ingestion]
[2024-12-03 18:49:29,877 : INFO : 1387786406 : artifacts/data_ingestion/data.csv downloaded! with following info
Connection: close
Content-Length: 65642
Cache-Control: max-age=300
Content-Security-Policy: default-src 'none'; style-src 'unsafe-inline'; sandbox
Content-Type: text/plain; charset=utf-8
ETag: "7a3b21963b623a3d9ec3c3d18549b285a9610e60ac27f90a49b1c0138b1ee0f0"
Strict-Transport-Security: max-age=31536000
X-Content-Type-Options: nosniff
X-Frame-Options: deny
X-XSS-Protection: 1; mode=block
X-GitHub-Request-Id: 63CC:277C77:15193C:19F72A:674F0560
Accept-Ranges: bytes
Date: Tue, 03 Dec 2024 13:19:29 GMT
Via: 1.1 varnish
X-Served-By: cache-maa10249-MAA
X-Cache: MISS
X-Cache-Hits: 0
X-Timer: S1733231969.248555,VS0,VE372
Vary: Authorization,Accept-Encoding,Origin
Access-Control-Allow-Origin: *
Cross-Origin-Resource-Policy: cross-origin
X-Fastly-Request-ID: 2ec382c08a27fb568c567165d5567052860e2a19
Expires: Tue, 03 Dec 2024 13:24:29 GMT
Source-Age: 0

]
[2024-12-03 18:49:29,901 : INFO : common : YAML file C:\Users\bored\Music\My_own\config\config.yaml is loaded safely]
[2024-12-03 18:49:29,907 : INFO : common : YAML file C:\Users\bored\Music\My_own\schema.yaml is loaded safely]
[2024-12-03 18:49:29,911 : INFO : common : YAML file C:\Users\bored\Music\My_own\params.yaml is loaded safely]
[2024-12-03 18:49:29,913 : INFO : common : Created directory artifacts]
[2024-12-03 18:49:29,915 : INFO : common : Created directory artifacts/data_transform]
[2024-12-03 18:49:29,943 : INFO : common : File saved successfully at artifacts/data_transform/train.csv]
[2024-12-03 18:49:29,950 : INFO : common : File saved successfully at artifacts/data_transform/test.csv]
[2024-12-03 18:49:29,977 : INFO : common : YAML file C:\Users\bored\Music\My_own\config\config.yaml is loaded safely]
[2024-12-03 18:49:29,978 : INFO : common : YAML file C:\Users\bored\Music\My_own\schema.yaml is loaded safely]
[2024-12-03 18:49:29,982 : INFO : common : YAML file C:\Users\bored\Music\My_own\params.yaml is loaded safely]
[2024-12-03 18:49:29,985 : INFO : common : Created directory artifacts]
[2024-12-03 18:49:29,986 : INFO : common : Created directory artifacts/data_clean]
[2024-12-03 18:49:30,005 : INFO : common : File saved successfully at artifacts/data_clean/test.csv]
[2024-12-03 18:49:30,008 : INFO : common : File saved successfully at artifacts/data_clean/train.csv]
[2024-12-03 18:49:30,044 : INFO : common : YAML file C:\Users\bored\Music\My_own\config\config.yaml is loaded safely]
[2024-12-03 18:49:30,051 : INFO : common : YAML file C:\Users\bored\Music\My_own\schema.yaml is loaded safely]
[2024-12-03 18:49:30,072 : INFO : common : YAML file C:\Users\bored\Music\My_own\params.yaml is loaded safely]
[2024-12-03 18:49:30,084 : INFO : common : Created directory artifacts]
[2024-12-03 18:49:30,088 : INFO : common : Created directory artifacts/model_train]
[2024-12-03 18:49:34,857 : INFO : common : YAML file C:\Users\bored\Music\My_own\config\config.yaml is loaded safely]
[2024-12-03 18:49:34,862 : INFO : common : YAML file C:\Users\bored\Music\My_own\schema.yaml is loaded safely]
[2024-12-03 18:49:34,865 : INFO : common : YAML file C:\Users\bored\Music\My_own\params.yaml is loaded safely]
[2024-12-03 18:49:34,866 : INFO : common : Created directory artifacts]
[2024-12-03 18:49:34,867 : INFO : common : Created directory artifacts/model_validation]
[2024-12-03 18:49:35,558 : INFO : common : YAML file C:\Users\bored\Music\My_own\config\config.yaml is loaded safely]
[2024-12-03 18:50:58,242 : INFO : common : YAML file C:\Users\bored\Music\My_own\config\config.yaml is loaded safely]
[2024-12-03 18:50:58,245 : INFO : common : YAML file C:\Users\bored\Music\My_own\schema.yaml is loaded safely]
[2024-12-03 18:50:58,247 : INFO : common : YAML file C:\Users\bored\Music\My_own\params.yaml is loaded safely]
[2024-12-03 18:50:58,249 : INFO : common : Created directory artifacts]
[2024-12-03 18:50:58,251 : INFO : common : Created directory artifacts/model_validation]
[2024-12-03 18:50:58,286 : INFO : common : File saved successfully at artifacts/model_validation/scores.csv]
[2024-12-03 18:51:23,435 : INFO : common : YAML file C:\Users\bored\Music\My_own\config\config.yaml is loaded safely]
[2024-12-03 18:51:23,438 : INFO : common : YAML file C:\Users\bored\Music\My_own\schema.yaml is loaded safely]
[2024-12-03 18:51:23,441 : INFO : common : YAML file C:\Users\bored\Music\My_own\params.yaml is loaded safely]
[2024-12-03 18:51:23,443 : INFO : common : Created directory artifacts]
[2024-12-03 18:51:23,448 : INFO : common : Created directory artifacts/model_validation]
[2024-12-03 18:51:23,479 : INFO : common : File saved successfully at artifacts/model_validation/scores.csv]
[2024-12-03 18:51:46,171 : INFO : common : YAML file C:\Users\bored\Music\My_own\config\config.yaml is loaded safely]
[2024-12-03 18:51:46,174 : INFO : common : YAML file C:\Users\bored\Music\My_own\schema.yaml is loaded safely]
[2024-12-03 18:51:46,176 : INFO : common : YAML file C:\Users\bored\Music\My_own\params.yaml is loaded safely]
[2024-12-03 18:51:46,178 : INFO : common : Created directory artifacts]
[2024-12-03 18:51:46,179 : INFO : common : Created directory artifacts/model_validation]
[2024-12-03 18:51:46,211 : INFO : common : File saved successfully at artifacts/model_validation/scores.csv]
[2024-12-03 18:52:15,675 : INFO : common : YAML file C:\Users\bored\Music\My_own\config\config.yaml is loaded safely]
[2024-12-03 18:52:15,678 : INFO : common : YAML file C:\Users\bored\Music\My_own\schema.yaml is loaded safely]
[2024-12-03 18:52:15,681 : INFO : common : YAML file C:\Users\bored\Music\My_own\params.yaml is loaded safely]
[2024-12-03 18:52:15,683 : INFO : common : Created directory artifacts]
[2024-12-03 18:52:15,685 : INFO : common : Created directory artifacts/model_validation]
[2024-12-03 18:52:15,717 : INFO : common : File saved successfully at artifacts/model_validation/scores.csv]
[2024-12-03 18:52:42,275 : INFO : common : YAML file C:\Users\bored\Music\My_own\config\config.yaml is loaded safely]
[2024-12-03 18:52:42,278 : INFO : common : YAML file C:\Users\bored\Music\My_own\schema.yaml is loaded safely]
[2024-12-03 18:52:42,280 : INFO : common : YAML file C:\Users\bored\Music\My_own\params.yaml is loaded safely]
[2024-12-03 18:52:42,284 : INFO : common : Created directory artifacts]
[2024-12-03 18:52:42,288 : INFO : common : Created directory artifacts/model_validation]
[2024-12-03 18:52:42,316 : INFO : common : File saved successfully at artifacts/model_validation/scores.csv]
[2024-12-03 20:06:04,624 : INFO : main : >> Stage Data Ingestion Stage started >>]
[2024-12-03 20:06:04,630 : INFO : common : YAML file C:\Users\bored\Music\My_own\config\config.yaml is loaded safely]
[2024-12-03 20:06:04,633 : INFO : common : YAML file C:\Users\bored\Music\My_own\schema.yaml is loaded safely]
[2024-12-03 20:06:04,635 : INFO : common : YAML file C:\Users\bored\Music\My_own\params.yaml is loaded safely]
[2024-12-03 20:06:04,636 : INFO : common : Created directory artifacts]
[2024-12-03 20:06:04,637 : INFO : common : Created directory artifacts/data_ingestion]
[2024-12-03 20:06:04,637 : INFO : data_ingestion : File already exists]
[2024-12-03 20:06:04,638 : INFO : main : >> stage Data Ingestion Stage completed >> 

x===x]
[2024-12-03 20:06:04,638 : INFO : main : >> stage Data Transform Stage]
[2024-12-03 20:06:04,646 : INFO : common : YAML file C:\Users\bored\Music\My_own\config\config.yaml is loaded safely]
[2024-12-03 20:06:04,654 : INFO : common : YAML file C:\Users\bored\Music\My_own\schema.yaml is loaded safely]
[2024-12-03 20:06:04,656 : INFO : common : YAML file C:\Users\bored\Music\My_own\params.yaml is loaded safely]
[2024-12-03 20:06:04,658 : INFO : common : Created directory artifacts]
[2024-12-03 20:06:04,659 : INFO : common : Created directory artifacts/data_transform]
[2024-12-03 20:06:04,729 : INFO : common : File saved successfully at artifacts/data_transform/train.csv]
[2024-12-03 20:06:04,764 : INFO : common : File saved successfully at artifacts/data_transform/test.csv]
[2024-12-03 20:06:04,766 : INFO : main : >> stage Data Transform Stage completed]
[2024-12-03 20:06:04,767 : INFO : main : >> stage Data Cleaning Stage]
[2024-12-03 20:06:04,791 : INFO : common : YAML file C:\Users\bored\Music\My_own\config\config.yaml is loaded safely]
[2024-12-03 20:06:04,794 : INFO : common : YAML file C:\Users\bored\Music\My_own\schema.yaml is loaded safely]
[2024-12-03 20:06:04,801 : INFO : common : YAML file C:\Users\bored\Music\My_own\params.yaml is loaded safely]
[2024-12-03 20:06:04,802 : INFO : common : Created directory artifacts]
[2024-12-03 20:06:04,802 : INFO : common : Created directory artifacts/data_clean]
[2024-12-03 20:06:04,830 : INFO : common : File saved successfully at artifacts/data_clean/test.csv]
[2024-12-03 20:06:04,834 : INFO : common : File saved successfully at artifacts/data_clean/train.csv]
[2024-12-03 20:06:04,836 : INFO : main : >> stage Data Cleaning Stage completed]
[2024-12-03 20:06:04,836 : INFO : main : >> stage Model training Stage]
[2024-12-03 20:06:04,846 : INFO : common : YAML file C:\Users\bored\Music\My_own\config\config.yaml is loaded safely]
[2024-12-03 20:06:04,850 : INFO : common : YAML file C:\Users\bored\Music\My_own\schema.yaml is loaded safely]
[2024-12-03 20:06:04,853 : INFO : common : YAML file C:\Users\bored\Music\My_own\params.yaml is loaded safely]
[2024-12-03 20:06:04,855 : INFO : common : Created directory artifacts]
[2024-12-03 20:06:04,855 : INFO : common : Created directory artifacts/model_train]
[2024-12-03 20:06:10,881 : INFO : main : >> stage Model training Stage completed]
[2024-12-03 20:06:10,882 : INFO : main : >> stage Model validation Stage]
[2024-12-03 20:06:10,890 : INFO : common : YAML file C:\Users\bored\Music\My_own\config\config.yaml is loaded safely]
[2024-12-03 20:06:10,894 : INFO : common : YAML file C:\Users\bored\Music\My_own\schema.yaml is loaded safely]
[2024-12-03 20:06:10,897 : INFO : common : YAML file C:\Users\bored\Music\My_own\params.yaml is loaded safely]
[2024-12-03 20:06:10,900 : INFO : common : Created directory artifacts]
[2024-12-03 20:06:10,903 : INFO : common : Created directory artifacts/model_validation]
[2024-12-03 20:06:10,998 : INFO : common : File saved successfully at artifacts/model_validation/scores.csv]
[2024-12-03 20:06:12,500 : INFO : main : >> stage Model validation Stage completed]
[2024-12-03 20:06:12,501 : INFO : main : >> stage Model validation Stage]
[2024-12-03 20:06:12,506 : INFO : common : YAML file C:\Users\bored\Music\My_own\config\config.yaml is loaded safely]
[2024-12-03 20:06:12,510 : INFO : common : YAML file C:\Users\bored\Music\My_own\schema.yaml is loaded safely]
[2024-12-03 20:06:12,513 : INFO : common : YAML file C:\Users\bored\Music\My_own\params.yaml is loaded safely]
[2024-12-03 20:06:12,514 : INFO : common : Created directory artifacts]
[2024-12-03 20:06:12,515 : INFO : common : Created directory artifacts/model_validation]
[2024-12-03 20:06:12,561 : INFO : common : File saved successfully at artifacts/model_validation/scores.csv]
[2024-12-03 20:06:13,372 : INFO : main : >> stage Model validation Stage completed]
[2024-12-03 20:06:54,362 : INFO : main : >> Stage Data Ingestion Stage started >>]
[2024-12-03 20:06:54,371 : INFO : common : YAML file C:\Users\bored\Music\My_own\config\config.yaml is loaded safely]
[2024-12-03 20:06:54,376 : INFO : common : YAML file C:\Users\bored\Music\My_own\schema.yaml is loaded safely]
[2024-12-03 20:06:54,379 : INFO : common : YAML file C:\Users\bored\Music\My_own\params.yaml is loaded safely]
[2024-12-03 20:06:54,381 : INFO : common : Created directory artifacts]
[2024-12-03 20:06:54,381 : INFO : common : Created directory artifacts/data_ingestion]
[2024-12-03 20:06:55,788 : INFO : data_ingestion : artifacts/data_ingestion/data.csv downloaded! with following info
Connection: close
Content-Length: 65642
Cache-Control: max-age=300
Content-Security-Policy: default-src 'none'; style-src 'unsafe-inline'; sandbox
Content-Type: text/plain; charset=utf-8
ETag: "7a3b21963b623a3d9ec3c3d18549b285a9610e60ac27f90a49b1c0138b1ee0f0"
Strict-Transport-Security: max-age=31536000
X-Content-Type-Options: nosniff
X-Frame-Options: deny
X-XSS-Protection: 1; mode=block
X-GitHub-Request-Id: EFCB:35AD64:C590:EF7B:674F1786
Accept-Ranges: bytes
Date: Tue, 03 Dec 2024 14:36:55 GMT
Via: 1.1 varnish
X-Served-By: cache-maa10235-MAA
X-Cache: MISS
X-Cache-Hits: 0
X-Timer: S1733236615.003783,VS0,VE342
Vary: Authorization,Accept-Encoding,Origin
Access-Control-Allow-Origin: *
Cross-Origin-Resource-Policy: cross-origin
X-Fastly-Request-ID: 88a4485e8ff7eff188af6df4b553f5c4e2a5203d
Expires: Tue, 03 Dec 2024 14:41:55 GMT
Source-Age: 0

]
[2024-12-03 20:06:55,791 : INFO : main : >> stage Data Ingestion Stage completed >> 

x===x]
[2024-12-03 20:06:55,791 : INFO : main : >> stage Data Transform Stage]
[2024-12-03 20:06:55,799 : INFO : common : YAML file C:\Users\bored\Music\My_own\config\config.yaml is loaded safely]
[2024-12-03 20:06:55,803 : INFO : common : YAML file C:\Users\bored\Music\My_own\schema.yaml is loaded safely]
[2024-12-03 20:06:55,806 : INFO : common : YAML file C:\Users\bored\Music\My_own\params.yaml is loaded safely]
[2024-12-03 20:06:55,807 : INFO : common : Created directory artifacts]
[2024-12-03 20:06:55,808 : INFO : common : Created directory artifacts/data_transform]
[2024-12-03 20:06:55,841 : INFO : common : File saved successfully at artifacts/data_transform/train.csv]
[2024-12-03 20:06:55,845 : INFO : common : File saved successfully at artifacts/data_transform/test.csv]
[2024-12-03 20:06:55,846 : INFO : main : >> stage Data Transform Stage completed]
[2024-12-03 20:06:55,846 : INFO : main : >> stage Data Cleaning Stage]
[2024-12-03 20:06:55,853 : INFO : common : YAML file C:\Users\bored\Music\My_own\config\config.yaml is loaded safely]
[2024-12-03 20:06:55,857 : INFO : common : YAML file C:\Users\bored\Music\My_own\schema.yaml is loaded safely]
[2024-12-03 20:06:55,861 : INFO : common : YAML file C:\Users\bored\Music\My_own\params.yaml is loaded safely]
[2024-12-03 20:06:55,862 : INFO : common : Created directory artifacts]
[2024-12-03 20:06:55,873 : INFO : common : Created directory artifacts/data_clean]
[2024-12-03 20:06:55,897 : INFO : common : File saved successfully at artifacts/data_clean/test.csv]
[2024-12-03 20:06:55,901 : INFO : common : File saved successfully at artifacts/data_clean/train.csv]
[2024-12-03 20:06:55,902 : INFO : main : >> stage Data Cleaning Stage completed]
[2024-12-03 20:06:55,903 : INFO : main : >> stage Model training Stage]
[2024-12-03 20:06:55,911 : INFO : common : YAML file C:\Users\bored\Music\My_own\config\config.yaml is loaded safely]
[2024-12-03 20:06:55,915 : INFO : common : YAML file C:\Users\bored\Music\My_own\schema.yaml is loaded safely]
[2024-12-03 20:06:55,919 : INFO : common : YAML file C:\Users\bored\Music\My_own\params.yaml is loaded safely]
[2024-12-03 20:06:55,921 : INFO : common : Created directory artifacts]
[2024-12-03 20:06:55,923 : INFO : common : Created directory artifacts/model_train]
[2024-12-03 20:07:01,933 : INFO : main : >> stage Model training Stage completed]
[2024-12-03 20:07:01,934 : INFO : main : >> stage Model validation Stage]
[2024-12-03 20:07:01,947 : INFO : common : YAML file C:\Users\bored\Music\My_own\config\config.yaml is loaded safely]
[2024-12-03 20:07:01,951 : INFO : common : YAML file C:\Users\bored\Music\My_own\schema.yaml is loaded safely]
[2024-12-03 20:07:01,954 : INFO : common : YAML file C:\Users\bored\Music\My_own\params.yaml is loaded safely]
[2024-12-03 20:07:01,958 : INFO : common : Created directory artifacts]
[2024-12-03 20:07:01,960 : INFO : common : Created directory artifacts/model_validation]
[2024-12-03 20:07:02,100 : INFO : common : File saved successfully at artifacts/model_validation/scores.csv]
[2024-12-03 20:07:03,188 : INFO : main : >> stage Model validation Stage completed]
[2024-12-03 20:07:03,188 : INFO : main : >> stage Model validation Stage]
[2024-12-03 20:07:03,197 : INFO : common : YAML file C:\Users\bored\Music\My_own\config\config.yaml is loaded safely]
[2024-12-03 20:07:03,200 : INFO : common : YAML file C:\Users\bored\Music\My_own\schema.yaml is loaded safely]
[2024-12-03 20:07:03,206 : INFO : common : YAML file C:\Users\bored\Music\My_own\params.yaml is loaded safely]
[2024-12-03 20:07:03,207 : INFO : common : Created directory artifacts]
[2024-12-03 20:07:03,213 : INFO : common : Created directory artifacts/model_validation]
[2024-12-03 20:07:03,273 : INFO : common : File saved successfully at artifacts/model_validation/scores.csv]
[2024-12-03 20:07:04,046 : INFO : main : >> stage Model validation Stage completed]
[2024-12-03 21:32:43,063 : INFO : main : >> Stage Data Ingestion Stage started >>]
[2024-12-03 21:32:43,068 : INFO : common : YAML file C:\Users\bored\Music\My_own\config\config.yaml is loaded safely]
[2024-12-03 21:32:43,072 : INFO : common : YAML file C:\Users\bored\Music\My_own\schema.yaml is loaded safely]
[2024-12-03 21:32:43,075 : INFO : common : YAML file C:\Users\bored\Music\My_own\params.yaml is loaded safely]
[2024-12-03 21:32:43,076 : INFO : common : Created directory artifacts]
[2024-12-03 21:32:43,077 : INFO : common : Created directory artifacts/data_ingestion]
[2024-12-03 21:32:43,078 : INFO : data_ingestion : File already exists]
[2024-12-03 21:32:43,078 : INFO : main : >> stage Data Ingestion Stage completed >> 

x===x]
[2024-12-03 21:32:43,079 : INFO : main : >> stage Data Transform Stage]
[2024-12-03 21:32:43,086 : INFO : common : YAML file C:\Users\bored\Music\My_own\config\config.yaml is loaded safely]
[2024-12-03 21:32:43,091 : INFO : common : YAML file C:\Users\bored\Music\My_own\schema.yaml is loaded safely]
[2024-12-03 21:32:43,098 : INFO : common : YAML file C:\Users\bored\Music\My_own\params.yaml is loaded safely]
[2024-12-03 21:32:43,099 : INFO : common : Created directory artifacts]
[2024-12-03 21:32:43,100 : INFO : common : Created directory artifacts/data_transform]
[2024-12-03 21:32:43,116 : INFO : common : File saved successfully at artifacts/data_transform/train.csv]
[2024-12-03 21:32:43,123 : INFO : common : File saved successfully at artifacts/data_transform/test.csv]
[2024-12-03 21:32:43,124 : INFO : main : >> stage Data Transform Stage completed]
[2024-12-03 21:32:43,124 : INFO : main : >> stage Data Cleaning Stage]
[2024-12-03 21:32:43,132 : INFO : common : YAML file C:\Users\bored\Music\My_own\config\config.yaml is loaded safely]
[2024-12-03 21:32:43,137 : INFO : common : YAML file C:\Users\bored\Music\My_own\schema.yaml is loaded safely]
[2024-12-03 21:32:43,142 : INFO : common : YAML file C:\Users\bored\Music\My_own\params.yaml is loaded safely]
[2024-12-03 21:32:43,143 : INFO : common : Created directory artifacts]
[2024-12-03 21:32:43,144 : INFO : common : Created directory artifacts/data_clean]
[2024-12-03 21:32:43,180 : INFO : common : File saved successfully at artifacts/data_clean/test.csv]
[2024-12-03 21:32:43,184 : INFO : common : File saved successfully at artifacts/data_clean/train.csv]
[2024-12-03 21:32:43,184 : INFO : main : >> stage Data Cleaning Stage completed]
[2024-12-03 21:32:43,185 : INFO : main : >> stage Model training Stage]
[2024-12-03 21:32:43,196 : INFO : common : YAML file C:\Users\bored\Music\My_own\config\config.yaml is loaded safely]
[2024-12-03 21:32:43,199 : INFO : common : YAML file C:\Users\bored\Music\My_own\schema.yaml is loaded safely]
[2024-12-03 21:32:43,204 : INFO : common : YAML file C:\Users\bored\Music\My_own\params.yaml is loaded safely]
[2024-12-03 21:32:43,205 : INFO : common : Created directory artifacts]
[2024-12-03 21:32:43,206 : INFO : common : Created directory artifacts/model_train]
[2024-12-03 21:32:48,924 : INFO : main : >> stage Model training Stage completed]
[2024-12-03 21:32:48,925 : INFO : main : >> stage Model validation Stage]
[2024-12-03 21:32:48,952 : INFO : common : YAML file C:\Users\bored\Music\My_own\config\config.yaml is loaded safely]
[2024-12-03 21:32:48,962 : INFO : common : YAML file C:\Users\bored\Music\My_own\schema.yaml is loaded safely]
[2024-12-03 21:32:48,973 : INFO : common : YAML file C:\Users\bored\Music\My_own\params.yaml is loaded safely]
[2024-12-03 21:32:48,976 : INFO : common : Created directory artifacts]
[2024-12-03 21:32:48,980 : INFO : common : Created directory artifacts/model_validation]
[2024-12-03 21:32:49,122 : INFO : common : File saved successfully at artifacts/model_validation/scores.csv]
[2024-12-03 21:32:50,991 : INFO : main : >> stage Model validation Stage completed]
[2024-12-03 21:32:50,992 : INFO : main : >> stage Model validation Stage]
[2024-12-03 21:32:51,013 : INFO : common : YAML file C:\Users\bored\Music\My_own\config\config.yaml is loaded safely]
[2024-12-03 21:32:51,020 : INFO : common : YAML file C:\Users\bored\Music\My_own\schema.yaml is loaded safely]
[2024-12-03 21:32:51,027 : INFO : common : YAML file C:\Users\bored\Music\My_own\params.yaml is loaded safely]
[2024-12-03 21:32:51,030 : INFO : common : Created directory artifacts]
[2024-12-03 21:32:51,032 : INFO : common : Created directory artifacts/model_validation]
[2024-12-03 21:32:51,116 : INFO : common : File saved successfully at artifacts/model_validation/scores.csv]
[2024-12-03 21:32:53,504 : INFO : main : >> stage Model validation Stage completed]
[2024-12-03 21:36:13,948 : INFO : main : >> Stage Data Ingestion Stage started >>]
[2024-12-03 21:36:13,953 : INFO : common : YAML file C:\Users\bored\Music\My_own\config\config.yaml is loaded safely]
[2024-12-03 21:36:13,957 : INFO : common : YAML file C:\Users\bored\Music\My_own\schema.yaml is loaded safely]
[2024-12-03 21:36:13,961 : INFO : common : YAML file C:\Users\bored\Music\My_own\params.yaml is loaded safely]
[2024-12-03 21:36:13,962 : INFO : common : Created directory artifacts]
[2024-12-03 21:36:13,963 : INFO : common : Created directory artifacts/data_ingestion]
[2024-12-03 21:36:13,964 : INFO : data_ingestion : File already exists]
[2024-12-03 21:36:13,965 : INFO : main : >> stage Data Ingestion Stage completed >> 

x===x]
[2024-12-03 21:36:13,966 : INFO : main : >> stage Data Transform Stage]
[2024-12-03 21:36:13,974 : INFO : common : YAML file C:\Users\bored\Music\My_own\config\config.yaml is loaded safely]
[2024-12-03 21:36:13,976 : INFO : common : YAML file C:\Users\bored\Music\My_own\schema.yaml is loaded safely]
[2024-12-03 21:36:13,979 : INFO : common : YAML file C:\Users\bored\Music\My_own\params.yaml is loaded safely]
[2024-12-03 21:36:13,981 : INFO : common : Created directory artifacts]
[2024-12-03 21:36:13,982 : INFO : common : Created directory artifacts/data_transform]
[2024-12-03 21:36:14,000 : INFO : common : File saved successfully at artifacts/data_transform/train.csv]
[2024-12-03 21:36:14,006 : INFO : common : File saved successfully at artifacts/data_transform/test.csv]
[2024-12-03 21:36:14,007 : INFO : main : >> stage Data Transform Stage completed]
[2024-12-03 21:36:14,007 : INFO : main : >> stage Data Cleaning Stage]
[2024-12-03 21:36:14,015 : INFO : common : YAML file C:\Users\bored\Music\My_own\config\config.yaml is loaded safely]
[2024-12-03 21:36:14,017 : INFO : common : YAML file C:\Users\bored\Music\My_own\schema.yaml is loaded safely]
[2024-12-03 21:36:14,019 : INFO : common : YAML file C:\Users\bored\Music\My_own\params.yaml is loaded safely]
[2024-12-03 21:36:14,020 : INFO : common : Created directory artifacts]
[2024-12-03 21:36:14,020 : INFO : common : Created directory artifacts/data_clean]
[2024-12-03 21:36:14,051 : INFO : common : File saved successfully at artifacts/data_clean/test.csv]
[2024-12-03 21:36:14,054 : INFO : common : File saved successfully at artifacts/data_clean/train.csv]
[2024-12-03 21:36:14,054 : INFO : main : >> stage Data Cleaning Stage completed]
[2024-12-03 21:36:14,055 : INFO : main : >> stage Model training Stage]
[2024-12-03 21:36:14,061 : INFO : common : YAML file C:\Users\bored\Music\My_own\config\config.yaml is loaded safely]
[2024-12-03 21:36:14,064 : INFO : common : YAML file C:\Users\bored\Music\My_own\schema.yaml is loaded safely]
[2024-12-03 21:36:14,067 : INFO : common : YAML file C:\Users\bored\Music\My_own\params.yaml is loaded safely]
[2024-12-03 21:36:14,068 : INFO : common : Created directory artifacts]
[2024-12-03 21:36:14,069 : INFO : common : Created directory artifacts/model_train]
[2024-12-03 21:36:19,977 : INFO : main : >> stage Model training Stage completed]
[2024-12-03 21:36:19,978 : INFO : main : >> stage Model validation Stage]
[2024-12-03 21:36:19,999 : INFO : common : YAML file C:\Users\bored\Music\My_own\config\config.yaml is loaded safely]
[2024-12-03 21:36:20,010 : INFO : common : YAML file C:\Users\bored\Music\My_own\schema.yaml is loaded safely]
[2024-12-03 21:36:20,018 : INFO : common : YAML file C:\Users\bored\Music\My_own\params.yaml is loaded safely]
[2024-12-03 21:36:20,019 : INFO : common : Created directory artifacts]
[2024-12-03 21:36:20,021 : INFO : common : Created directory artifacts/model_validation]
[2024-12-03 21:36:20,141 : INFO : common : File saved successfully at artifacts/model_validation/scores.csv]
[2024-12-03 21:36:22,615 : INFO : main : >> stage Model validation Stage completed]
[2024-12-03 21:36:22,616 : INFO : main : >> stage Model validation Stage]
[2024-12-03 21:36:22,630 : INFO : common : YAML file C:\Users\bored\Music\My_own\config\config.yaml is loaded safely]
[2024-12-03 21:36:22,635 : INFO : common : YAML file C:\Users\bored\Music\My_own\schema.yaml is loaded safely]
[2024-12-03 21:36:22,643 : INFO : common : YAML file C:\Users\bored\Music\My_own\params.yaml is loaded safely]
[2024-12-03 21:36:22,645 : INFO : common : Created directory artifacts]
[2024-12-03 21:36:22,647 : INFO : common : Created directory artifacts/model_validation]
[2024-12-03 21:36:22,731 : INFO : common : File saved successfully at artifacts/model_validation/scores.csv]
[2024-12-03 21:36:24,886 : INFO : main : >> stage Model validation Stage completed]
[2024-12-03 21:39:04,972 : INFO : main : >> Stage Data Ingestion Stage started >>]
[2024-12-03 21:39:04,978 : INFO : common : YAML file C:\Users\bored\Music\My_own\config\config.yaml is loaded safely]
[2024-12-03 21:39:04,981 : INFO : common : YAML file C:\Users\bored\Music\My_own\schema.yaml is loaded safely]
[2024-12-03 21:39:04,983 : INFO : common : YAML file C:\Users\bored\Music\My_own\params.yaml is loaded safely]
[2024-12-03 21:39:04,984 : INFO : common : Created directory artifacts]
[2024-12-03 21:39:04,984 : INFO : common : Created directory artifacts/data_ingestion]
[2024-12-03 21:39:04,985 : INFO : data_ingestion : File already exists]
[2024-12-03 21:39:04,985 : INFO : main : >> stage Data Ingestion Stage completed >> 

x===x]
[2024-12-03 21:39:04,985 : INFO : main : >> stage Data Transform Stage]
[2024-12-03 21:39:04,995 : INFO : common : YAML file C:\Users\bored\Music\My_own\config\config.yaml is loaded safely]
[2024-12-03 21:39:04,998 : INFO : common : YAML file C:\Users\bored\Music\My_own\schema.yaml is loaded safely]
[2024-12-03 21:39:05,001 : INFO : common : YAML file C:\Users\bored\Music\My_own\params.yaml is loaded safely]
[2024-12-03 21:39:05,002 : INFO : common : Created directory artifacts]
[2024-12-03 21:39:05,003 : INFO : common : Created directory artifacts/data_transform]
[2024-12-03 21:39:05,028 : INFO : common : File saved successfully at artifacts/data_transform/train.csv]
[2024-12-03 21:39:05,033 : INFO : common : File saved successfully at artifacts/data_transform/test.csv]
[2024-12-03 21:39:05,034 : INFO : main : >> stage Data Transform Stage completed]
[2024-12-03 21:39:05,035 : INFO : main : >> stage Data Cleaning Stage]
[2024-12-03 21:39:05,041 : INFO : common : YAML file C:\Users\bored\Music\My_own\config\config.yaml is loaded safely]
[2024-12-03 21:39:05,044 : INFO : common : YAML file C:\Users\bored\Music\My_own\schema.yaml is loaded safely]
[2024-12-03 21:39:05,048 : INFO : common : YAML file C:\Users\bored\Music\My_own\params.yaml is loaded safely]
[2024-12-03 21:39:05,049 : INFO : common : Created directory artifacts]
[2024-12-03 21:39:05,050 : INFO : common : Created directory artifacts/data_clean]
[2024-12-03 21:39:05,080 : INFO : common : File saved successfully at artifacts/data_clean/test.csv]
[2024-12-03 21:39:05,087 : INFO : common : File saved successfully at artifacts/data_clean/train.csv]
[2024-12-03 21:39:05,087 : INFO : main : >> stage Data Cleaning Stage completed]
[2024-12-03 21:39:05,088 : INFO : main : >> stage Model training Stage]
[2024-12-03 21:39:05,097 : INFO : common : YAML file C:\Users\bored\Music\My_own\config\config.yaml is loaded safely]
[2024-12-03 21:39:05,100 : INFO : common : YAML file C:\Users\bored\Music\My_own\schema.yaml is loaded safely]
[2024-12-03 21:39:05,102 : INFO : common : YAML file C:\Users\bored\Music\My_own\params.yaml is loaded safely]
[2024-12-03 21:39:05,103 : INFO : common : Created directory artifacts]
[2024-12-03 21:39:05,104 : INFO : common : Created directory artifacts/model_train]
[2024-12-03 21:39:11,022 : INFO : main : >> stage Model training Stage completed]
[2024-12-03 21:39:11,022 : INFO : main : >> stage Model validation Stage]
[2024-12-03 21:39:11,036 : INFO : common : YAML file C:\Users\bored\Music\My_own\config\config.yaml is loaded safely]
[2024-12-03 21:39:11,044 : INFO : common : YAML file C:\Users\bored\Music\My_own\schema.yaml is loaded safely]
[2024-12-03 21:39:11,047 : INFO : common : YAML file C:\Users\bored\Music\My_own\params.yaml is loaded safely]
[2024-12-03 21:39:11,048 : INFO : common : Created directory artifacts]
[2024-12-03 21:39:11,050 : INFO : common : Created directory artifacts/model_validation]
[2024-12-03 21:39:11,177 : INFO : common : File saved successfully at artifacts/model_validation/scores.csv]
[2024-12-03 21:39:13,236 : INFO : main : >> stage Model validation Stage completed]
[2024-12-03 21:39:13,236 : INFO : main : >> stage Model validation Stage]
[2024-12-03 21:39:13,254 : INFO : common : YAML file C:\Users\bored\Music\My_own\config\config.yaml is loaded safely]
[2024-12-03 21:39:13,264 : INFO : common : YAML file C:\Users\bored\Music\My_own\schema.yaml is loaded safely]
[2024-12-03 21:39:13,273 : INFO : common : YAML file C:\Users\bored\Music\My_own\params.yaml is loaded safely]
[2024-12-03 21:39:13,275 : INFO : common : Created directory artifacts]
[2024-12-03 21:39:13,276 : INFO : common : Created directory artifacts/model_validation]
[2024-12-03 21:39:13,369 : INFO : common : File saved successfully at artifacts/model_validation/scores.csv]
[2024-12-03 21:39:15,778 : INFO : main : >> stage Model validation Stage completed]
